<?xml version="1.0" encoding="utf-8"?>
<CoverageSession xmlns:xsd="http://www.w3.org/2001/XMLSchema" xmlns:xsi="http://www.w3.org/2001/XMLSchema-instance">
  <Summary numSequencePoints="1214" visitedSequencePoints="984" numBranchPoints="526" visitedBranchPoints="380" sequenceCoverage="81.05" branchCoverage="72.24" maxCyclomaticComplexity="38" minCyclomaticComplexity="0" visitedClasses="79" numClasses="82" visitedMethods="217" numMethods="251" />
  <Modules>
    <Module hash="0B-0F-38-A1-37-08-49-1D-74-A7-C5-FE-EE-4D-EE-38-1F-A1-96-9A">
      <Summary numSequencePoints="697" visitedSequencePoints="585" numBranchPoints="312" visitedBranchPoints="235" sequenceCoverage="83.93" branchCoverage="75.32" maxCyclomaticComplexity="14" minCyclomaticComplexity="1" visitedClasses="50" numClasses="51" visitedMethods="171" numMethods="195" />
      <ModulePath>C:\Users\elin\Source\Repos\certes\test\Certes.Tests\bin\Debug\netcoreapp1.1\Certes.dll</ModulePath>
      <ModuleTime>2017-04-14T00:41:21.1735793Z</ModuleTime>
      <ModuleName>Certes</ModuleName>
      <Files>
        <File uid="1" fullPath="C:\Users\elin\Source\Repos\certes\src\Certes\AcmeClient.cs" />
        <File uid="11" fullPath="C:\Users\elin\Source\Repos\certes\src\Certes\Pkcs\CertificationRequestBuilder.cs" />
        <File uid="12" fullPath="C:\Users\elin\Source\Repos\certes\src\Certes\Pkcs\CertificationRequestBuilderBase.cs" />
        <File uid="14" fullPath="C:\Users\elin\Source\Repos\certes\src\Certes\Pkcs\KeyInfo.cs" />
        <File uid="16" fullPath="C:\Users\elin\Source\Repos\certes\src\Certes\Pkcs\PfxBuilder.cs" />
        <File uid="19" fullPath="C:\Users\elin\Source\Repos\certes\src\Certes\Pkcs\SignatureAlgorithm.cs" />
        <File uid="20" fullPath="C:\Users\elin\Source\Repos\certes\src\Certes\Jws\AccountKey.cs" />
        <File uid="22" fullPath="C:\Users\elin\Source\Repos\certes\src\Certes\Jws\IAccountKey.cs" />
        <File uid="23" fullPath="C:\Users\elin\Source\Repos\certes\src\Certes\Jws\JwsConvert.cs" />
        <File uid="24" fullPath="C:\Users\elin\Source\Repos\certes\src\Certes\Json\JsonUtil.cs" />
        <File uid="25" fullPath="C:\Users\elin\Source\Repos\certes\src\Certes\Acme\AcmeCertificate.cs" />
        <File uid="27" fullPath="C:\Users\elin\Source\Repos\certes\src\Certes\Acme\AcmeError.cs" />
        <File uid="28" fullPath="C:\Users\elin\Source\Repos\certes\src\Certes\Acme\AcmeHttpHandler.cs" />
        <File uid="36" fullPath="C:\Users\elin\Source\Repos\certes\src\Certes\Acme\AcmeKeyedResult.cs" />
        <File uid="37" fullPath="C:\Users\elin\Source\Repos\certes\src\Certes\Acme\AcmeRespone.cs" />
        <File uid="38" fullPath="C:\Users\elin\Source\Repos\certes\src\Certes\Acme\AcmeResult.cs" />
        <File uid="41" fullPath="C:\Users\elin\Source\Repos\certes\src\Certes\Acme\Authorization.cs" />
        <File uid="42" fullPath="C:\Users\elin\Source\Repos\certes\src\Certes\Acme\AuthorizationIdentifier.cs" />
        <File uid="43" fullPath="C:\Users\elin\Source\Repos\certes\src\Certes\Acme\Certificate.cs" />
        <File uid="44" fullPath="C:\Users\elin\Source\Repos\certes\src\Certes\Acme\Challenge.cs" />
        <File uid="46" fullPath="C:\Users\elin\Source\Repos\certes\src\Certes\Acme\ChallengeValidation.cs" />
        <File uid="47" fullPath="C:\Users\elin\Source\Repos\certes\src\Certes\Acme\EntityBase.cs" />
        <File uid="48" fullPath="C:\Users\elin\Source\Repos\certes\src\Certes\Acme\Registration.cs" />
        <File uid="49" fullPath="C:\Users\elin\Source\Repos\certes\src\Certes\Acme\RelLink.cs" />
        <File uid="50" fullPath="C:\Users\elin\Source\Repos\certes\src\Certes\Acme\RevokeCertificate.cs" />
        <File uid="51" fullPath="C:\Users\elin\Source\Repos\certes\src\Certes\Acme\WellKnownServers.cs" />
      </Files>
      <Classes>
        <Class>
          <Summary numSequencePoints="0" visitedSequencePoints="0" numBranchPoints="0" visitedBranchPoints="0" sequenceCoverage="0" branchCoverage="0" maxCyclomaticComplexity="7" minCyclomaticComplexity="1" visitedClasses="0" numClasses="0" visitedMethods="0" numMethods="0" />
          <FullName>&lt;&gt;f__AnonymousType0`2</FullName>
          <Methods>
            <Method visited="true" cyclomaticComplexity="1" nPathComplexity="0" sequenceCoverage="0" branchCoverage="0" isConstructor="false" isStatic="false" isGetter="true" isSetter="false">
              <Summary numSequencePoints="0" visitedSequencePoints="0" numBranchPoints="0" visitedBranchPoints="0" sequenceCoverage="0" branchCoverage="0" maxCyclomaticComplexity="1" minCyclomaticComplexity="1" visitedClasses="0" numClasses="0" visitedMethods="0" numMethods="0" />
              <MetadataToken>100663297</MetadataToken>
              <Name>&lt;alg&gt;j__TPar &lt;&gt;f__AnonymousType0`2::get_alg()</Name>
              <SequencePoints />
              <BranchPoints />
              <MethodPoint vc="8" uspid="1" ordinal="0" offset="0" />
            </Method>
            <Method visited="true" cyclomaticComplexity="1" nPathComplexity="0" sequenceCoverage="0" branchCoverage="0" isConstructor="false" isStatic="false" isGetter="true" isSetter="false">
              <Summary numSequencePoints="0" visitedSequencePoints="0" numBranchPoints="0" visitedBranchPoints="0" sequenceCoverage="0" branchCoverage="0" maxCyclomaticComplexity="1" minCyclomaticComplexity="1" visitedClasses="0" numClasses="0" visitedMethods="0" numMethods="0" />
              <MetadataToken>100663298</MetadataToken>
              <Name>&lt;jwk&gt;j__TPar &lt;&gt;f__AnonymousType0`2::get_jwk()</Name>
              <SequencePoints />
              <BranchPoints />
              <MethodPoint vc="8" uspid="2" ordinal="0" offset="0" />
            </Method>
            <Method visited="true" cyclomaticComplexity="1" nPathComplexity="0" sequenceCoverage="0" branchCoverage="0" isConstructor="true" isStatic="false" isGetter="false" isSetter="false">
              <Summary numSequencePoints="0" visitedSequencePoints="0" numBranchPoints="0" visitedBranchPoints="0" sequenceCoverage="0" branchCoverage="0" maxCyclomaticComplexity="1" minCyclomaticComplexity="1" visitedClasses="0" numClasses="0" visitedMethods="0" numMethods="0" />
              <MetadataToken>100663299</MetadataToken>
              <Name>System.Void &lt;&gt;f__AnonymousType0`2::.ctor(&lt;alg&gt;j__TPar,&lt;jwk&gt;j__TPar)</Name>
              <SequencePoints />
              <BranchPoints />
              <MethodPoint vc="8" uspid="3" ordinal="0" offset="0" />
            </Method>
            <Method visited="true" cyclomaticComplexity="3" nPathComplexity="0" sequenceCoverage="0" branchCoverage="0" isConstructor="false" isStatic="false" isGetter="false" isSetter="false">
              <Summary numSequencePoints="0" visitedSequencePoints="0" numBranchPoints="0" visitedBranchPoints="0" sequenceCoverage="0" branchCoverage="0" maxCyclomaticComplexity="3" minCyclomaticComplexity="3" visitedClasses="0" numClasses="0" visitedMethods="0" numMethods="0" />
              <MetadataToken>100663300</MetadataToken>
              <Name>System.Boolean &lt;&gt;f__AnonymousType0`2::Equals(System.Object)</Name>
              <SequencePoints />
              <BranchPoints />
              <MethodPoint vc="8" uspid="4" ordinal="0" offset="0" />
            </Method>
            <Method visited="false" cyclomaticComplexity="1" nPathComplexity="0" sequenceCoverage="0" branchCoverage="0" isConstructor="false" isStatic="false" isGetter="false" isSetter="false">
              <Summary numSequencePoints="0" visitedSequencePoints="0" numBranchPoints="0" visitedBranchPoints="0" sequenceCoverage="0" branchCoverage="0" maxCyclomaticComplexity="1" minCyclomaticComplexity="1" visitedClasses="0" numClasses="0" visitedMethods="0" numMethods="0" />
              <MetadataToken>100663301</MetadataToken>
              <Name>System.Int32 &lt;&gt;f__AnonymousType0`2::GetHashCode()</Name>
              <SequencePoints />
              <BranchPoints />
              <MethodPoint vc="0" uspid="5" ordinal="0" offset="0" />
            </Method>
            <Method visited="false" cyclomaticComplexity="7" nPathComplexity="0" sequenceCoverage="0" branchCoverage="0" isConstructor="false" isStatic="false" isGetter="false" isSetter="false">
              <Summary numSequencePoints="0" visitedSequencePoints="0" numBranchPoints="0" visitedBranchPoints="0" sequenceCoverage="0" branchCoverage="0" maxCyclomaticComplexity="7" minCyclomaticComplexity="7" visitedClasses="0" numClasses="0" visitedMethods="0" numMethods="0" />
              <MetadataToken>100663302</MetadataToken>
              <Name>System.String &lt;&gt;f__AnonymousType0`2::ToString()</Name>
              <SequencePoints />
              <BranchPoints />
              <MethodPoint vc="0" uspid="6" ordinal="0" offset="0" />
            </Method>
          </Methods>
        </Class>
        <Class>
          <Summary numSequencePoints="0" visitedSequencePoints="0" numBranchPoints="0" visitedBranchPoints="0" sequenceCoverage="0" branchCoverage="0" maxCyclomaticComplexity="4" minCyclomaticComplexity="1" visitedClasses="0" numClasses="0" visitedMethods="0" numMethods="0" />
          <FullName>&lt;&gt;f__AnonymousType1`1</FullName>
          <Methods>
            <Method visited="true" cyclomaticComplexity="1" nPathComplexity="0" sequenceCoverage="0" branchCoverage="0" isConstructor="false" isStatic="false" isGetter="true" isSetter="false">
              <Summary numSequencePoints="0" visitedSequencePoints="0" numBranchPoints="0" visitedBranchPoints="0" sequenceCoverage="0" branchCoverage="0" maxCyclomaticComplexity="1" minCyclomaticComplexity="1" visitedClasses="0" numClasses="0" visitedMethods="0" numMethods="0" />
              <MetadataToken>100663303</MetadataToken>
              <Name>&lt;nonce&gt;j__TPar &lt;&gt;f__AnonymousType1`1::get_nonce()</Name>
              <SequencePoints />
              <BranchPoints />
              <MethodPoint vc="8" uspid="7" ordinal="0" offset="0" />
            </Method>
            <Method visited="true" cyclomaticComplexity="1" nPathComplexity="0" sequenceCoverage="0" branchCoverage="0" isConstructor="true" isStatic="false" isGetter="false" isSetter="false">
              <Summary numSequencePoints="0" visitedSequencePoints="0" numBranchPoints="0" visitedBranchPoints="0" sequenceCoverage="0" branchCoverage="0" maxCyclomaticComplexity="1" minCyclomaticComplexity="1" visitedClasses="0" numClasses="0" visitedMethods="0" numMethods="0" />
              <MetadataToken>100663304</MetadataToken>
              <Name>System.Void &lt;&gt;f__AnonymousType1`1::.ctor(&lt;nonce&gt;j__TPar)</Name>
              <SequencePoints />
              <BranchPoints />
              <MethodPoint vc="8" uspid="8" ordinal="0" offset="0" />
            </Method>
            <Method visited="false" cyclomaticComplexity="2" nPathComplexity="0" sequenceCoverage="0" branchCoverage="0" isConstructor="false" isStatic="false" isGetter="false" isSetter="false">
              <Summary numSequencePoints="0" visitedSequencePoints="0" numBranchPoints="0" visitedBranchPoints="0" sequenceCoverage="0" branchCoverage="0" maxCyclomaticComplexity="2" minCyclomaticComplexity="2" visitedClasses="0" numClasses="0" visitedMethods="0" numMethods="0" />
              <MetadataToken>100663305</MetadataToken>
              <Name>System.Boolean &lt;&gt;f__AnonymousType1`1::Equals(System.Object)</Name>
              <SequencePoints />
              <BranchPoints />
              <MethodPoint vc="0" uspid="9" ordinal="0" offset="0" />
            </Method>
            <Method visited="false" cyclomaticComplexity="1" nPathComplexity="0" sequenceCoverage="0" branchCoverage="0" isConstructor="false" isStatic="false" isGetter="false" isSetter="false">
              <Summary numSequencePoints="0" visitedSequencePoints="0" numBranchPoints="0" visitedBranchPoints="0" sequenceCoverage="0" branchCoverage="0" maxCyclomaticComplexity="1" minCyclomaticComplexity="1" visitedClasses="0" numClasses="0" visitedMethods="0" numMethods="0" />
              <MetadataToken>100663306</MetadataToken>
              <Name>System.Int32 &lt;&gt;f__AnonymousType1`1::GetHashCode()</Name>
              <SequencePoints />
              <BranchPoints />
              <MethodPoint vc="0" uspid="10" ordinal="0" offset="0" />
            </Method>
            <Method visited="false" cyclomaticComplexity="4" nPathComplexity="0" sequenceCoverage="0" branchCoverage="0" isConstructor="false" isStatic="false" isGetter="false" isSetter="false">
              <Summary numSequencePoints="0" visitedSequencePoints="0" numBranchPoints="0" visitedBranchPoints="0" sequenceCoverage="0" branchCoverage="0" maxCyclomaticComplexity="4" minCyclomaticComplexity="4" visitedClasses="0" numClasses="0" visitedMethods="0" numMethods="0" />
              <MetadataToken>100663307</MetadataToken>
              <Name>System.String &lt;&gt;f__AnonymousType1`1::ToString()</Name>
              <SequencePoints />
              <BranchPoints />
              <MethodPoint vc="0" uspid="11" ordinal="0" offset="0" />
            </Method>
          </Methods>
        </Class>
        <Class>
          <Summary numSequencePoints="0" visitedSequencePoints="0" numBranchPoints="0" visitedBranchPoints="0" sequenceCoverage="0" branchCoverage="0" maxCyclomaticComplexity="13" minCyclomaticComplexity="1" visitedClasses="0" numClasses="0" visitedMethods="0" numMethods="0" />
          <FullName>&lt;&gt;f__AnonymousType2`4</FullName>
          <Methods>
            <Method visited="true" cyclomaticComplexity="1" nPathComplexity="0" sequenceCoverage="0" branchCoverage="0" isConstructor="false" isStatic="false" isGetter="true" isSetter="false">
              <Summary numSequencePoints="0" visitedSequencePoints="0" numBranchPoints="0" visitedBranchPoints="0" sequenceCoverage="0" branchCoverage="0" maxCyclomaticComplexity="1" minCyclomaticComplexity="1" visitedClasses="0" numClasses="0" visitedMethods="0" numMethods="0" />
              <MetadataToken>100663308</MetadataToken>
              <Name>&lt;header&gt;j__TPar &lt;&gt;f__AnonymousType2`4::get_header()</Name>
              <SequencePoints />
              <BranchPoints />
              <MethodPoint vc="8" uspid="12" ordinal="0" offset="0" />
            </Method>
            <Method visited="true" cyclomaticComplexity="1" nPathComplexity="0" sequenceCoverage="0" branchCoverage="0" isConstructor="false" isStatic="false" isGetter="true" isSetter="false">
              <Summary numSequencePoints="0" visitedSequencePoints="0" numBranchPoints="0" visitedBranchPoints="0" sequenceCoverage="0" branchCoverage="0" maxCyclomaticComplexity="1" minCyclomaticComplexity="1" visitedClasses="0" numClasses="0" visitedMethods="0" numMethods="0" />
              <MetadataToken>100663309</MetadataToken>
              <Name>&lt;protected&gt;j__TPar &lt;&gt;f__AnonymousType2`4::get_protected()</Name>
              <SequencePoints />
              <BranchPoints />
              <MethodPoint vc="8" uspid="13" ordinal="0" offset="0" />
            </Method>
            <Method visited="true" cyclomaticComplexity="1" nPathComplexity="0" sequenceCoverage="0" branchCoverage="0" isConstructor="false" isStatic="false" isGetter="true" isSetter="false">
              <Summary numSequencePoints="0" visitedSequencePoints="0" numBranchPoints="0" visitedBranchPoints="0" sequenceCoverage="0" branchCoverage="0" maxCyclomaticComplexity="1" minCyclomaticComplexity="1" visitedClasses="0" numClasses="0" visitedMethods="0" numMethods="0" />
              <MetadataToken>100663310</MetadataToken>
              <Name>&lt;payload&gt;j__TPar &lt;&gt;f__AnonymousType2`4::get_payload()</Name>
              <SequencePoints />
              <BranchPoints />
              <MethodPoint vc="8" uspid="14" ordinal="0" offset="0" />
            </Method>
            <Method visited="true" cyclomaticComplexity="1" nPathComplexity="0" sequenceCoverage="0" branchCoverage="0" isConstructor="false" isStatic="false" isGetter="true" isSetter="false">
              <Summary numSequencePoints="0" visitedSequencePoints="0" numBranchPoints="0" visitedBranchPoints="0" sequenceCoverage="0" branchCoverage="0" maxCyclomaticComplexity="1" minCyclomaticComplexity="1" visitedClasses="0" numClasses="0" visitedMethods="0" numMethods="0" />
              <MetadataToken>100663311</MetadataToken>
              <Name>&lt;signature&gt;j__TPar &lt;&gt;f__AnonymousType2`4::get_signature()</Name>
              <SequencePoints />
              <BranchPoints />
              <MethodPoint vc="8" uspid="15" ordinal="0" offset="0" />
            </Method>
            <Method visited="true" cyclomaticComplexity="1" nPathComplexity="0" sequenceCoverage="0" branchCoverage="0" isConstructor="true" isStatic="false" isGetter="false" isSetter="false">
              <Summary numSequencePoints="0" visitedSequencePoints="0" numBranchPoints="0" visitedBranchPoints="0" sequenceCoverage="0" branchCoverage="0" maxCyclomaticComplexity="1" minCyclomaticComplexity="1" visitedClasses="0" numClasses="0" visitedMethods="0" numMethods="0" />
              <MetadataToken>100663312</MetadataToken>
              <Name>System.Void &lt;&gt;f__AnonymousType2`4::.ctor(&lt;header&gt;j__TPar,&lt;protected&gt;j__TPar,&lt;payload&gt;j__TPar,&lt;signature&gt;j__TPar)</Name>
              <SequencePoints />
              <BranchPoints />
              <MethodPoint vc="8" uspid="16" ordinal="0" offset="0" />
            </Method>
            <Method visited="true" cyclomaticComplexity="5" nPathComplexity="0" sequenceCoverage="0" branchCoverage="0" isConstructor="false" isStatic="false" isGetter="false" isSetter="false">
              <Summary numSequencePoints="0" visitedSequencePoints="0" numBranchPoints="0" visitedBranchPoints="0" sequenceCoverage="0" branchCoverage="0" maxCyclomaticComplexity="5" minCyclomaticComplexity="5" visitedClasses="0" numClasses="0" visitedMethods="0" numMethods="0" />
              <MetadataToken>100663313</MetadataToken>
              <Name>System.Boolean &lt;&gt;f__AnonymousType2`4::Equals(System.Object)</Name>
              <SequencePoints />
              <BranchPoints />
              <MethodPoint vc="16" uspid="17" ordinal="0" offset="0" />
            </Method>
            <Method visited="false" cyclomaticComplexity="1" nPathComplexity="0" sequenceCoverage="0" branchCoverage="0" isConstructor="false" isStatic="false" isGetter="false" isSetter="false">
              <Summary numSequencePoints="0" visitedSequencePoints="0" numBranchPoints="0" visitedBranchPoints="0" sequenceCoverage="0" branchCoverage="0" maxCyclomaticComplexity="1" minCyclomaticComplexity="1" visitedClasses="0" numClasses="0" visitedMethods="0" numMethods="0" />
              <MetadataToken>100663314</MetadataToken>
              <Name>System.Int32 &lt;&gt;f__AnonymousType2`4::GetHashCode()</Name>
              <SequencePoints />
              <BranchPoints />
              <MethodPoint vc="0" uspid="18" ordinal="0" offset="0" />
            </Method>
            <Method visited="false" cyclomaticComplexity="13" nPathComplexity="0" sequenceCoverage="0" branchCoverage="0" isConstructor="false" isStatic="false" isGetter="false" isSetter="false">
              <Summary numSequencePoints="0" visitedSequencePoints="0" numBranchPoints="0" visitedBranchPoints="0" sequenceCoverage="0" branchCoverage="0" maxCyclomaticComplexity="13" minCyclomaticComplexity="13" visitedClasses="0" numClasses="0" visitedMethods="0" numMethods="0" />
              <MetadataToken>100663315</MetadataToken>
              <Name>System.String &lt;&gt;f__AnonymousType2`4::ToString()</Name>
              <SequencePoints />
              <BranchPoints />
              <MethodPoint vc="0" uspid="19" ordinal="0" offset="0" />
            </Method>
          </Methods>
        </Class>
        <Class>
          <Summary numSequencePoints="0" visitedSequencePoints="0" numBranchPoints="0" visitedBranchPoints="0" sequenceCoverage="0" branchCoverage="0" maxCyclomaticComplexity="7" minCyclomaticComplexity="1" visitedClasses="0" numClasses="0" visitedMethods="0" numMethods="0" />
          <FullName>&lt;&gt;f__AnonymousType3`2</FullName>
          <Methods>
            <Method visited="true" cyclomaticComplexity="1" nPathComplexity="0" sequenceCoverage="0" branchCoverage="0" isConstructor="false" isStatic="false" isGetter="true" isSetter="false">
              <Summary numSequencePoints="0" visitedSequencePoints="0" numBranchPoints="0" visitedBranchPoints="0" sequenceCoverage="0" branchCoverage="0" maxCyclomaticComplexity="1" minCyclomaticComplexity="1" visitedClasses="0" numClasses="0" visitedMethods="0" numMethods="0" />
              <MetadataToken>100663316</MetadataToken>
              <Name>&lt;IsRoot&gt;j__TPar &lt;&gt;f__AnonymousType3`2::get_IsRoot()</Name>
              <SequencePoints />
              <BranchPoints />
              <MethodPoint vc="10" uspid="20" ordinal="0" offset="0" />
            </Method>
            <Method visited="true" cyclomaticComplexity="1" nPathComplexity="0" sequenceCoverage="0" branchCoverage="0" isConstructor="false" isStatic="false" isGetter="true" isSetter="false">
              <Summary numSequencePoints="0" visitedSequencePoints="0" numBranchPoints="0" visitedBranchPoints="0" sequenceCoverage="0" branchCoverage="0" maxCyclomaticComplexity="1" minCyclomaticComplexity="1" visitedClasses="0" numClasses="0" visitedMethods="0" numMethods="0" />
              <MetadataToken>100663317</MetadataToken>
              <Name>&lt;Cert&gt;j__TPar &lt;&gt;f__AnonymousType3`2::get_Cert()</Name>
              <SequencePoints />
              <BranchPoints />
              <MethodPoint vc="5" uspid="21" ordinal="0" offset="0" />
            </Method>
            <Method visited="true" cyclomaticComplexity="1" nPathComplexity="0" sequenceCoverage="0" branchCoverage="0" isConstructor="true" isStatic="false" isGetter="false" isSetter="false">
              <Summary numSequencePoints="0" visitedSequencePoints="0" numBranchPoints="0" visitedBranchPoints="0" sequenceCoverage="0" branchCoverage="0" maxCyclomaticComplexity="1" minCyclomaticComplexity="1" visitedClasses="0" numClasses="0" visitedMethods="0" numMethods="0" />
              <MetadataToken>100663318</MetadataToken>
              <Name>System.Void &lt;&gt;f__AnonymousType3`2::.ctor(&lt;IsRoot&gt;j__TPar,&lt;Cert&gt;j__TPar)</Name>
              <SequencePoints />
              <BranchPoints />
              <MethodPoint vc="10" uspid="22" ordinal="0" offset="0" />
            </Method>
            <Method visited="false" cyclomaticComplexity="3" nPathComplexity="0" sequenceCoverage="0" branchCoverage="0" isConstructor="false" isStatic="false" isGetter="false" isSetter="false">
              <Summary numSequencePoints="0" visitedSequencePoints="0" numBranchPoints="0" visitedBranchPoints="0" sequenceCoverage="0" branchCoverage="0" maxCyclomaticComplexity="3" minCyclomaticComplexity="3" visitedClasses="0" numClasses="0" visitedMethods="0" numMethods="0" />
              <MetadataToken>100663319</MetadataToken>
              <Name>System.Boolean &lt;&gt;f__AnonymousType3`2::Equals(System.Object)</Name>
              <SequencePoints />
              <BranchPoints />
              <MethodPoint vc="0" uspid="23" ordinal="0" offset="0" />
            </Method>
            <Method visited="false" cyclomaticComplexity="1" nPathComplexity="0" sequenceCoverage="0" branchCoverage="0" isConstructor="false" isStatic="false" isGetter="false" isSetter="false">
              <Summary numSequencePoints="0" visitedSequencePoints="0" numBranchPoints="0" visitedBranchPoints="0" sequenceCoverage="0" branchCoverage="0" maxCyclomaticComplexity="1" minCyclomaticComplexity="1" visitedClasses="0" numClasses="0" visitedMethods="0" numMethods="0" />
              <MetadataToken>100663320</MetadataToken>
              <Name>System.Int32 &lt;&gt;f__AnonymousType3`2::GetHashCode()</Name>
              <SequencePoints />
              <BranchPoints />
              <MethodPoint vc="0" uspid="24" ordinal="0" offset="0" />
            </Method>
            <Method visited="false" cyclomaticComplexity="7" nPathComplexity="0" sequenceCoverage="0" branchCoverage="0" isConstructor="false" isStatic="false" isGetter="false" isSetter="false">
              <Summary numSequencePoints="0" visitedSequencePoints="0" numBranchPoints="0" visitedBranchPoints="0" sequenceCoverage="0" branchCoverage="0" maxCyclomaticComplexity="7" minCyclomaticComplexity="7" visitedClasses="0" numClasses="0" visitedMethods="0" numMethods="0" />
              <MetadataToken>100663321</MetadataToken>
              <Name>System.String &lt;&gt;f__AnonymousType3`2::ToString()</Name>
              <SequencePoints />
              <BranchPoints />
              <MethodPoint vc="0" uspid="25" ordinal="0" offset="0" />
            </Method>
          </Methods>
        </Class>
        <Class>
          <Summary numSequencePoints="47" visitedSequencePoints="35" numBranchPoints="26" visitedBranchPoints="14" sequenceCoverage="74.47" branchCoverage="53.85" maxCyclomaticComplexity="6" minCyclomaticComplexity="1" visitedClasses="1" numClasses="1" visitedMethods="7" numMethods="10" />
          <FullName>Certes.AcmeClient</FullName>
          <Methods>
            <Method visited="false" cyclomaticComplexity="1" nPathComplexity="0" sequenceCoverage="0" branchCoverage="0" isConstructor="false" isStatic="false" isGetter="true" isSetter="false">
              <Summary numSequencePoints="3" visitedSequencePoints="0" numBranchPoints="1" visitedBranchPoints="0" sequenceCoverage="0" branchCoverage="0" maxCyclomaticComplexity="1" minCyclomaticComplexity="1" visitedClasses="0" numClasses="0" visitedMethods="0" numMethods="1" />
              <MetadataToken>100663322</MetadataToken>
              <Name>Certes.Acme.IAcmeHttpHandler Certes.AcmeClient::get_HttpHandler()</Name>
              <FileRef uid="1" />
              <SequencePoints>
                <SequencePoint vc="0" uspid="26" ordinal="0" offset="0" sl="32" sc="13" el="32" ec="14" bec="0" bev="0" fileid="1" />
                <SequencePoint vc="0" uspid="27" ordinal="1" offset="1" sl="33" sc="17" el="33" ec="32" bec="0" bev="0" fileid="1" />
                <SequencePoint vc="0" uspid="28" ordinal="2" offset="10" sl="34" sc="13" el="34" ec="14" bec="0" bev="0" fileid="1" />
              </SequencePoints>
              <BranchPoints />
              <MethodPoint xsi:type="SequencePoint" vc="0" uspid="26" ordinal="0" offset="0" sl="32" sc="13" el="32" ec="14" bec="0" bev="0" fileid="1" />
            </Method>
            <Method visited="true" cyclomaticComplexity="1" nPathComplexity="0" sequenceCoverage="100" branchCoverage="100" isConstructor="true" isStatic="false" isGetter="false" isSetter="false">
              <Summary numSequencePoints="4" visitedSequencePoints="4" numBranchPoints="1" visitedBranchPoints="1" sequenceCoverage="100" branchCoverage="100" maxCyclomaticComplexity="1" minCyclomaticComplexity="1" visitedClasses="0" numClasses="0" visitedMethods="1" numMethods="1" />
              <MetadataToken>100663323</MetadataToken>
              <Name>System.Void Certes.AcmeClient::.ctor(System.Uri)</Name>
              <FileRef uid="1" />
              <SequencePoints>
                <SequencePoint vc="8" uspid="29" ordinal="0" offset="0" sl="42" sc="15" el="42" ec="51" bec="0" bev="0" fileid="1" />
                <SequencePoint vc="8" uspid="30" ordinal="1" offset="14" sl="43" sc="9" el="43" ec="10" bec="0" bev="0" fileid="1" />
                <SequencePoint vc="8" uspid="31" ordinal="2" offset="15" sl="44" sc="13" el="44" ec="40" bec="0" bev="0" fileid="1" />
                <SequencePoint vc="8" uspid="32" ordinal="3" offset="22" sl="45" sc="9" el="45" ec="10" bec="0" bev="0" fileid="1" />
              </SequencePoints>
              <BranchPoints />
              <MethodPoint xsi:type="SequencePoint" vc="8" uspid="29" ordinal="0" offset="0" sl="42" sc="15" el="42" ec="51" bec="0" bev="0" fileid="1" />
            </Method>
            <Method visited="true" cyclomaticComplexity="1" nPathComplexity="0" sequenceCoverage="100" branchCoverage="100" isConstructor="true" isStatic="false" isGetter="false" isSetter="false">
              <Summary numSequencePoints="5" visitedSequencePoints="5" numBranchPoints="1" visitedBranchPoints="1" sequenceCoverage="100" branchCoverage="100" maxCyclomaticComplexity="1" minCyclomaticComplexity="1" visitedClasses="0" numClasses="0" visitedMethods="1" numMethods="1" />
              <MetadataToken>100663324</MetadataToken>
              <Name>System.Void Certes.AcmeClient::.ctor(Certes.Acme.IAcmeHttpHandler)</Name>
              <FileRef uid="1" />
              <SequencePoints>
                <SequencePoint vc="10" uspid="33" ordinal="0" offset="0" sl="352" sc="9" el="352" ec="44" bec="0" bev="0" fileid="1" />
                <SequencePoint vc="10" uspid="34" ordinal="1" offset="7" sl="51" sc="9" el="51" ec="52" bec="0" bev="0" fileid="1" />
                <SequencePoint vc="10" uspid="35" ordinal="2" offset="14" sl="52" sc="9" el="52" ec="10" bec="0" bev="0" fileid="1" />
                <SequencePoint vc="10" uspid="36" ordinal="3" offset="15" sl="53" sc="13" el="53" ec="36" bec="0" bev="0" fileid="1" />
                <SequencePoint vc="10" uspid="37" ordinal="4" offset="22" sl="54" sc="9" el="54" ec="10" bec="0" bev="0" fileid="1" />
              </SequencePoints>
              <BranchPoints />
              <MethodPoint xsi:type="SequencePoint" vc="10" uspid="33" ordinal="0" offset="0" sl="352" sc="9" el="352" ec="44" bec="0" bev="0" fileid="1" />
            </Method>
            <Method visited="true" cyclomaticComplexity="1" nPathComplexity="0" sequenceCoverage="100" branchCoverage="100" isConstructor="false" isStatic="false" isGetter="false" isSetter="false">
              <Summary numSequencePoints="3" visitedSequencePoints="3" numBranchPoints="1" visitedBranchPoints="1" sequenceCoverage="100" branchCoverage="100" maxCyclomaticComplexity="1" minCyclomaticComplexity="1" visitedClasses="0" numClasses="0" visitedMethods="1" numMethods="1" />
              <MetadataToken>100663325</MetadataToken>
              <Name>System.Void Certes.AcmeClient::Use(Certes.Pkcs.KeyInfo)</Name>
              <FileRef uid="1" />
              <SequencePoints>
                <SequencePoint vc="9" uspid="38" ordinal="0" offset="0" sl="61" sc="9" el="61" ec="10" bec="0" bev="0" fileid="1" />
                <SequencePoint vc="9" uspid="39" ordinal="1" offset="1" sl="62" sc="13" el="62" ec="48" bec="0" bev="0" fileid="1" />
                <SequencePoint vc="9" uspid="40" ordinal="2" offset="13" sl="63" sc="9" el="63" ec="10" bec="0" bev="0" fileid="1" />
              </SequencePoints>
              <BranchPoints />
              <MethodPoint xsi:type="SequencePoint" vc="9" uspid="38" ordinal="0" offset="0" sl="61" sc="9" el="61" ec="10" bec="0" bev="0" fileid="1" />
            </Method>
            <Method visited="true" cyclomaticComplexity="1" nPathComplexity="0" sequenceCoverage="0" branchCoverage="0" isConstructor="false" isStatic="false" isGetter="false" isSetter="false">
              <Summary numSequencePoints="0" visitedSequencePoints="0" numBranchPoints="0" visitedBranchPoints="0" sequenceCoverage="0" branchCoverage="0" maxCyclomaticComplexity="1" minCyclomaticComplexity="1" visitedClasses="0" numClasses="0" visitedMethods="0" numMethods="0" />
              <MetadataToken>100663326</MetadataToken>
              <Name>System.Threading.Tasks.Task`1&lt;Certes.Acme.AcmeAccount&gt; Certes.AcmeClient::NewRegistraton(System.String[])</Name>
              <SequencePoints />
              <BranchPoints />
              <MethodPoint vc="2" uspid="41" ordinal="0" offset="0" />
            </Method>
            <Method visited="true" cyclomaticComplexity="1" nPathComplexity="0" sequenceCoverage="0" branchCoverage="0" isConstructor="false" isStatic="false" isGetter="false" isSetter="false">
              <Summary numSequencePoints="0" visitedSequencePoints="0" numBranchPoints="0" visitedBranchPoints="0" sequenceCoverage="0" branchCoverage="0" maxCyclomaticComplexity="1" minCyclomaticComplexity="1" visitedClasses="0" numClasses="0" visitedMethods="0" numMethods="0" />
              <MetadataToken>100663327</MetadataToken>
              <Name>System.Threading.Tasks.Task`1&lt;Certes.Acme.AcmeAccount&gt; Certes.AcmeClient::UpdateRegistration(Certes.Acme.AcmeAccount)</Name>
              <SequencePoints />
              <BranchPoints />
              <MethodPoint vc="2" uspid="42" ordinal="0" offset="0" />
            </Method>
            <Method visited="true" cyclomaticComplexity="1" nPathComplexity="0" sequenceCoverage="0" branchCoverage="0" isConstructor="false" isStatic="false" isGetter="false" isSetter="false">
              <Summary numSequencePoints="0" visitedSequencePoints="0" numBranchPoints="0" visitedBranchPoints="0" sequenceCoverage="0" branchCoverage="0" maxCyclomaticComplexity="1" minCyclomaticComplexity="1" visitedClasses="0" numClasses="0" visitedMethods="0" numMethods="0" />
              <MetadataToken>100663328</MetadataToken>
              <Name>System.Threading.Tasks.Task`1&lt;Certes.Acme.AcmeResult`1&lt;Certes.Acme.Authorization&gt;&gt; Certes.AcmeClient::NewAuthorization(Certes.Acme.AuthorizationIdentifier)</Name>
              <SequencePoints />
              <BranchPoints />
              <MethodPoint vc="1" uspid="43" ordinal="0" offset="0" />
            </Method>
            <Method visited="true" cyclomaticComplexity="1" nPathComplexity="0" sequenceCoverage="0" branchCoverage="0" isConstructor="false" isStatic="false" isGetter="false" isSetter="false">
              <Summary numSequencePoints="0" visitedSequencePoints="0" numBranchPoints="0" visitedBranchPoints="0" sequenceCoverage="0" branchCoverage="0" maxCyclomaticComplexity="1" minCyclomaticComplexity="1" visitedClasses="0" numClasses="0" visitedMethods="0" numMethods="0" />
              <MetadataToken>100663329</MetadataToken>
              <Name>System.Threading.Tasks.Task`1&lt;Certes.Acme.AcmeResult`1&lt;Certes.Acme.Authorization&gt;&gt; Certes.AcmeClient::GetAuthorization(System.Uri)</Name>
              <SequencePoints />
              <BranchPoints />
              <MethodPoint vc="1" uspid="44" ordinal="0" offset="0" />
            </Method>
            <Method visited="true" cyclomaticComplexity="1" nPathComplexity="0" sequenceCoverage="100" branchCoverage="100" isConstructor="false" isStatic="false" isGetter="false" isSetter="false">
              <Summary numSequencePoints="3" visitedSequencePoints="3" numBranchPoints="1" visitedBranchPoints="1" sequenceCoverage="100" branchCoverage="100" maxCyclomaticComplexity="1" minCyclomaticComplexity="1" visitedClasses="0" numClasses="0" visitedMethods="1" numMethods="1" />
              <MetadataToken>100663330</MetadataToken>
              <Name>System.String Certes.AcmeClient::ComputeKeyAuthorization(Certes.Acme.Challenge)</Name>
              <FileRef uid="1" />
              <SequencePoints>
                <SequencePoint vc="4" uspid="45" ordinal="0" offset="0" sl="190" sc="9" el="190" ec="10" bec="0" bev="0" fileid="1" />
                <SequencePoint vc="4" uspid="46" ordinal="1" offset="1" sl="191" sc="13" el="191" ec="64" bec="0" bev="0" fileid="1" />
                <SequencePoint vc="4" uspid="47" ordinal="2" offset="16" sl="192" sc="9" el="192" ec="10" bec="0" bev="0" fileid="1" />
              </SequencePoints>
              <BranchPoints />
              <MethodPoint xsi:type="SequencePoint" vc="4" uspid="45" ordinal="0" offset="0" sl="190" sc="9" el="190" ec="10" bec="0" bev="0" fileid="1" />
            </Method>
            <Method visited="false" cyclomaticComplexity="4" nPathComplexity="4" sequenceCoverage="0" branchCoverage="0" isConstructor="false" isStatic="false" isGetter="false" isSetter="false">
              <Summary numSequencePoints="6" visitedSequencePoints="0" numBranchPoints="5" visitedBranchPoints="0" sequenceCoverage="0" branchCoverage="0" maxCyclomaticComplexity="4" minCyclomaticComplexity="4" visitedClasses="0" numClasses="0" visitedMethods="0" numMethods="1" />
              <MetadataToken>100663331</MetadataToken>
              <Name>System.String Certes.AcmeClient::ComputeDnsValue(Certes.Acme.Challenge)</Name>
              <FileRef uid="1" />
              <SequencePoints>
                <SequencePoint vc="0" uspid="48" ordinal="0" offset="0" sl="201" sc="9" el="201" ec="10" bec="0" bev="0" fileid="1" />
                <SequencePoint vc="0" uspid="49" ordinal="1" offset="1" sl="202" sc="13" el="202" ec="57" bec="4" bev="0" fileid="1" />
                <SequencePoint vc="0" uspid="50" ordinal="2" offset="27" sl="203" sc="13" el="203" ec="14" bec="0" bev="0" fileid="1" />
                <SequencePoint vc="0" uspid="51" ordinal="3" offset="28" sl="204" sc="17" el="204" ec="103" bec="0" bev="0" fileid="1" />
                <SequencePoint vc="0" uspid="52" ordinal="4" offset="39" sl="207" sc="13" el="207" ec="56" bec="0" bev="0" fileid="1" />
                <SequencePoint vc="0" uspid="53" ordinal="5" offset="54" sl="208" sc="9" el="208" ec="10" bec="0" bev="0" fileid="1" />
              </SequencePoints>
              <BranchPoints>
                <BranchPoint vc="0" uspid="54" ordinal="0" offset="2" sl="202" path="0" offsetend="4" fileid="1" />
                <BranchPoint vc="0" uspid="55" ordinal="1" offset="2" sl="202" path="1" offsetend="7" fileid="1" />
                <BranchPoint vc="0" uspid="56" ordinal="2" offset="25" sl="202" path="0" offsetend="27" fileid="1" />
                <BranchPoint vc="0" uspid="57" ordinal="3" offset="25" sl="202" path="1" offsetend="39" fileid="1" />
              </BranchPoints>
              <MethodPoint xsi:type="SequencePoint" vc="0" uspid="48" ordinal="0" offset="0" sl="201" sc="9" el="201" ec="10" bec="0" bev="0" fileid="1" />
            </Method>
            <Method visited="true" cyclomaticComplexity="1" nPathComplexity="0" sequenceCoverage="0" branchCoverage="0" isConstructor="false" isStatic="false" isGetter="false" isSetter="false">
              <Summary numSequencePoints="0" visitedSequencePoints="0" numBranchPoints="0" visitedBranchPoints="0" sequenceCoverage="0" branchCoverage="0" maxCyclomaticComplexity="1" minCyclomaticComplexity="1" visitedClasses="0" numClasses="0" visitedMethods="0" numMethods="0" />
              <MetadataToken>100663332</MetadataToken>
              <Name>System.Threading.Tasks.Task`1&lt;Certes.Acme.AcmeResult`1&lt;Certes.Acme.Challenge&gt;&gt; Certes.AcmeClient::CompleteChallenge(Certes.Acme.Challenge)</Name>
              <SequencePoints />
              <BranchPoints />
              <MethodPoint vc="1" uspid="58" ordinal="0" offset="0" />
            </Method>
            <Method visited="true" cyclomaticComplexity="1" nPathComplexity="0" sequenceCoverage="0" branchCoverage="0" isConstructor="false" isStatic="false" isGetter="false" isSetter="false">
              <Summary numSequencePoints="0" visitedSequencePoints="0" numBranchPoints="0" visitedBranchPoints="0" sequenceCoverage="0" branchCoverage="0" maxCyclomaticComplexity="1" minCyclomaticComplexity="1" visitedClasses="0" numClasses="0" visitedMethods="0" numMethods="0" />
              <MetadataToken>100663333</MetadataToken>
              <Name>System.Threading.Tasks.Task`1&lt;Certes.Acme.AcmeCertificate&gt; Certes.AcmeClient::NewCertificate(System.Byte[])</Name>
              <SequencePoints />
              <BranchPoints />
              <MethodPoint vc="1" uspid="59" ordinal="0" offset="0" />
            </Method>
            <Method visited="true" cyclomaticComplexity="1" nPathComplexity="0" sequenceCoverage="0" branchCoverage="0" isConstructor="false" isStatic="false" isGetter="false" isSetter="false">
              <Summary numSequencePoints="0" visitedSequencePoints="0" numBranchPoints="0" visitedBranchPoints="0" sequenceCoverage="0" branchCoverage="0" maxCyclomaticComplexity="1" minCyclomaticComplexity="1" visitedClasses="0" numClasses="0" visitedMethods="0" numMethods="0" />
              <MetadataToken>100663334</MetadataToken>
              <Name>System.Threading.Tasks.Task`1&lt;Certes.Acme.AcmeCertificate&gt; Certes.AcmeClient::NewCertificate(Certes.Pkcs.ICertificationRequestBuilder)</Name>
              <SequencePoints />
              <BranchPoints />
              <MethodPoint vc="1" uspid="60" ordinal="0" offset="0" />
            </Method>
            <Method visited="true" cyclomaticComplexity="1" nPathComplexity="0" sequenceCoverage="0" branchCoverage="0" isConstructor="false" isStatic="false" isGetter="false" isSetter="false">
              <Summary numSequencePoints="0" visitedSequencePoints="0" numBranchPoints="0" visitedBranchPoints="0" sequenceCoverage="0" branchCoverage="0" maxCyclomaticComplexity="1" minCyclomaticComplexity="1" visitedClasses="0" numClasses="0" visitedMethods="0" numMethods="0" />
              <MetadataToken>100663335</MetadataToken>
              <Name>System.Threading.Tasks.Task`1&lt;Certes.Acme.AcmeCertificate&gt; Certes.AcmeClient::RevokeCertificate(Certes.Acme.AcmeCertificate)</Name>
              <SequencePoints />
              <BranchPoints />
              <MethodPoint vc="1" uspid="61" ordinal="0" offset="0" />
            </Method>
            <Method visited="false" cyclomaticComplexity="1" nPathComplexity="0" sequenceCoverage="0" branchCoverage="0" isConstructor="false" isStatic="false" isGetter="false" isSetter="false">
              <Summary numSequencePoints="1" visitedSequencePoints="0" numBranchPoints="1" visitedBranchPoints="0" sequenceCoverage="0" branchCoverage="0" maxCyclomaticComplexity="1" minCyclomaticComplexity="1" visitedClasses="0" numClasses="0" visitedMethods="0" numMethods="1" />
              <MetadataToken>100663336</MetadataToken>
              <Name>System.Threading.Tasks.Task`1&lt;Certes.Acme.AcmeResult`1&lt;Certes.Acme.Authorization&gt;&gt; Certes.AcmeClient::RefreshAuthorization(System.Uri)</Name>
              <FileRef uid="1" />
              <SequencePoints>
                <SequencePoint vc="0" uspid="62" ordinal="0" offset="0" sl="341" sc="16" el="341" ec="42" bec="0" bev="0" fileid="1" />
              </SequencePoints>
              <BranchPoints />
              <MethodPoint xsi:type="SequencePoint" vc="0" uspid="62" ordinal="0" offset="0" sl="341" sc="16" el="341" ec="42" bec="0" bev="0" fileid="1" />
            </Method>
            <Method visited="true" cyclomaticComplexity="2" nPathComplexity="2" sequenceCoverage="60" branchCoverage="66.67" isConstructor="false" isStatic="false" isGetter="false" isSetter="false">
              <Summary numSequencePoints="5" visitedSequencePoints="3" numBranchPoints="3" visitedBranchPoints="2" sequenceCoverage="60" branchCoverage="66.67" maxCyclomaticComplexity="2" minCyclomaticComplexity="2" visitedClasses="0" numClasses="0" visitedMethods="1" numMethods="1" />
              <MetadataToken>100663337</MetadataToken>
              <Name>System.Void Certes.AcmeClient::ThrowIfError(Certes.Acme.AcmeRespone`1&lt;T&gt;)</Name>
              <FileRef uid="1" />
              <SequencePoints>
                <SequencePoint vc="9" uspid="63" ordinal="0" offset="0" sl="344" sc="9" el="344" ec="10" bec="0" bev="0" fileid="1" />
                <SequencePoint vc="9" uspid="64" ordinal="1" offset="1" sl="345" sc="13" el="345" ec="40" bec="2" bev="1" fileid="1" />
                <SequencePoint vc="0" uspid="65" ordinal="2" offset="14" sl="346" sc="13" el="346" ec="14" bec="0" bev="0" fileid="1" />
                <SequencePoint vc="0" uspid="66" ordinal="3" offset="15" sl="347" sc="17" el="347" ec="114" bec="0" bev="0" fileid="1" />
                <SequencePoint vc="9" uspid="67" ordinal="4" offset="69" sl="349" sc="9" el="349" ec="10" bec="0" bev="0" fileid="1" />
              </SequencePoints>
              <BranchPoints>
                <BranchPoint vc="0" uspid="68" ordinal="0" offset="12" sl="345" path="0" offsetend="14" fileid="1" />
                <BranchPoint vc="9" uspid="69" ordinal="1" offset="12" sl="345" path="1" offsetend="69" fileid="1" />
              </BranchPoints>
              <MethodPoint xsi:type="SequencePoint" vc="9" uspid="63" ordinal="0" offset="0" sl="344" sc="9" el="344" ec="10" bec="0" bev="0" fileid="1" />
            </Method>
            <Method visited="true" cyclomaticComplexity="6" nPathComplexity="32" sequenceCoverage="100" branchCoverage="63.64" isConstructor="false" isStatic="false" isGetter="false" isSetter="false">
              <Summary numSequencePoints="14" visitedSequencePoints="14" numBranchPoints="11" visitedBranchPoints="7" sequenceCoverage="100" branchCoverage="63.64" maxCyclomaticComplexity="6" minCyclomaticComplexity="6" visitedClasses="0" numClasses="0" visitedMethods="1" numMethods="1" />
              <MetadataToken>100663338</MetadataToken>
              <Name>System.Void Certes.AcmeClient::Dispose(System.Boolean)</Name>
              <FileRef uid="1" />
              <SequencePoints>
                <SequencePoint vc="10" uspid="70" ordinal="0" offset="0" sl="359" sc="9" el="359" ec="10" bec="0" bev="0" fileid="1" />
                <SequencePoint vc="10" uspid="71" ordinal="1" offset="1" sl="360" sc="13" el="360" ec="32" bec="2" bev="1" fileid="1" />
                <SequencePoint vc="10" uspid="72" ordinal="2" offset="14" sl="361" sc="13" el="361" ec="14" bec="0" bev="0" fileid="1" />
                <SequencePoint vc="10" uspid="73" ordinal="3" offset="15" sl="362" sc="17" el="362" ec="31" bec="2" bev="1" fileid="1" />
                <SequencePoint vc="10" uspid="74" ordinal="4" offset="20" sl="363" sc="17" el="363" ec="18" bec="0" bev="0" fileid="1" />
                <SequencePoint vc="10" uspid="75" ordinal="5" offset="21" sl="364" sc="21" el="364" ec="45" bec="2" bev="2" fileid="1" />
                <SequencePoint vc="8" uspid="76" ordinal="6" offset="31" sl="365" sc="21" el="365" ec="22" bec="0" bev="0" fileid="1" />
                <SequencePoint vc="8" uspid="77" ordinal="7" offset="32" sl="366" sc="25" el="366" ec="61" bec="2" bev="1" fileid="1" />
                <SequencePoint vc="8" uspid="78" ordinal="8" offset="55" sl="367" sc="21" el="367" ec="22" bec="0" bev="0" fileid="1" />
                <SequencePoint vc="10" uspid="79" ordinal="9" offset="56" sl="369" sc="21" el="369" ec="53" bec="2" bev="1" fileid="1" />
                <SequencePoint vc="10" uspid="80" ordinal="10" offset="79" sl="370" sc="17" el="370" ec="18" bec="0" bev="0" fileid="1" />
                <SequencePoint vc="10" uspid="81" ordinal="11" offset="80" sl="372" sc="17" el="372" ec="38" bec="0" bev="0" fileid="1" />
                <SequencePoint vc="10" uspid="82" ordinal="12" offset="87" sl="373" sc="13" el="373" ec="14" bec="0" bev="0" fileid="1" />
                <SequencePoint vc="10" uspid="83" ordinal="13" offset="88" sl="374" sc="9" el="374" ec="10" bec="0" bev="0" fileid="1" />
              </SequencePoints>
              <BranchPoints>
                <BranchPoint vc="10" uspid="84" ordinal="0" offset="12" sl="360" path="0" offsetend="14" fileid="1" />
                <BranchPoint vc="0" uspid="85" ordinal="1" offset="12" sl="360" path="1" offsetend="88" fileid="1" />
                <BranchPoint vc="10" uspid="86" ordinal="2" offset="18" sl="362" path="0" offsetend="20" fileid="1" />
                <BranchPoint vc="0" uspid="87" ordinal="3" offset="18" sl="362" path="1" offsetend="80" fileid="1" />
                <BranchPoint vc="8" uspid="88" ordinal="4" offset="29" sl="364" path="0" offsetend="31" fileid="1" />
                <BranchPoint vc="2" uspid="89" ordinal="5" offset="29" sl="364" path="1" offsetend="56" fileid="1" />
                <BranchPoint vc="0" uspid="90" ordinal="6" offset="44" sl="366" path="0" offsetend="46" fileid="1" />
                <BranchPoint vc="8" uspid="91" ordinal="7" offset="44" sl="366" path="1" offsetend="49" fileid="1" />
                <BranchPoint vc="10" uspid="92" ordinal="8" offset="68" sl="369" path="0" offsetend="70" fileid="1" />
                <BranchPoint vc="0" uspid="93" ordinal="9" offset="68" sl="369" path="1" offsetend="73" fileid="1" />
              </BranchPoints>
              <MethodPoint xsi:type="SequencePoint" vc="10" uspid="70" ordinal="0" offset="0" sl="359" sc="9" el="359" ec="10" bec="0" bev="0" fileid="1" />
            </Method>
            <Method visited="true" cyclomaticComplexity="1" nPathComplexity="0" sequenceCoverage="100" branchCoverage="100" isConstructor="false" isStatic="false" isGetter="false" isSetter="false">
              <Summary numSequencePoints="3" visitedSequencePoints="3" numBranchPoints="1" visitedBranchPoints="1" sequenceCoverage="100" branchCoverage="100" maxCyclomaticComplexity="1" minCyclomaticComplexity="1" visitedClasses="0" numClasses="0" visitedMethods="1" numMethods="1" />
              <MetadataToken>100663339</MetadataToken>
              <Name>System.Void Certes.AcmeClient::Dispose()</Name>
              <FileRef uid="1" />
              <SequencePoints>
                <SequencePoint vc="10" uspid="94" ordinal="0" offset="0" sl="380" sc="9" el="380" ec="10" bec="0" bev="0" fileid="1" />
                <SequencePoint vc="10" uspid="95" ordinal="1" offset="1" sl="381" sc="13" el="381" ec="27" bec="0" bev="0" fileid="1" />
                <SequencePoint vc="10" uspid="96" ordinal="2" offset="9" sl="382" sc="9" el="382" ec="10" bec="0" bev="0" fileid="1" />
              </SequencePoints>
              <BranchPoints />
              <MethodPoint xsi:type="SequencePoint" vc="10" uspid="94" ordinal="0" offset="0" sl="380" sc="9" el="380" ec="10" bec="0" bev="0" fileid="1" />
            </Method>
          </Methods>
        </Class>
        <Class>
          <Summary numSequencePoints="12" visitedSequencePoints="12" numBranchPoints="3" visitedBranchPoints="3" sequenceCoverage="100" branchCoverage="100" maxCyclomaticComplexity="6" minCyclomaticComplexity="1" visitedClasses="1" numClasses="1" visitedMethods="1" numMethods="1" />
          <FullName>Certes.AcmeClient/&lt;NewRegistraton&gt;d__8</FullName>
          <Methods>
            <Method visited="true" cyclomaticComplexity="1" nPathComplexity="0" sequenceCoverage="0" branchCoverage="0" isConstructor="true" isStatic="false" isGetter="false" isSetter="false">
              <Summary numSequencePoints="0" visitedSequencePoints="0" numBranchPoints="0" visitedBranchPoints="0" sequenceCoverage="0" branchCoverage="0" maxCyclomaticComplexity="1" minCyclomaticComplexity="1" visitedClasses="0" numClasses="0" visitedMethods="0" numMethods="0" />
              <MetadataToken>100663529</MetadataToken>
              <Name>System.Void Certes.AcmeClient/&lt;NewRegistraton&gt;d__8::.ctor()</Name>
              <SequencePoints />
              <BranchPoints />
              <MethodPoint vc="2" uspid="97" ordinal="0" offset="0" />
            </Method>
            <Method visited="true" cyclomaticComplexity="6" nPathComplexity="2" sequenceCoverage="100" branchCoverage="100" isConstructor="false" isStatic="false" isGetter="false" isSetter="false">
              <Summary numSequencePoints="12" visitedSequencePoints="12" numBranchPoints="3" visitedBranchPoints="3" sequenceCoverage="100" branchCoverage="100" maxCyclomaticComplexity="6" minCyclomaticComplexity="6" visitedClasses="0" numClasses="0" visitedMethods="1" numMethods="1" />
              <MetadataToken>100663530</MetadataToken>
              <Name>System.Void Certes.AcmeClient/&lt;NewRegistraton&gt;d__8::MoveNext()</Name>
              <FileRef uid="1" />
              <SequencePoints>
                <SequencePoint vc="2" uspid="98" ordinal="0" offset="28" sl="71" sc="9" el="71" ec="10" bec="0" bev="0" fileid="1" />
                <SequencePoint vc="2" uspid="99" ordinal="1" offset="29" sl="72" sc="13" el="72" ec="34" bec="2" bev="2" fileid="1" />
                <SequencePoint vc="1" uspid="100" ordinal="2" offset="47" sl="73" sc="13" el="73" ec="14" bec="0" bev="0" fileid="1" />
                <SequencePoint vc="1" uspid="101" ordinal="3" offset="48" sl="74" sc="17" el="74" ec="45" bec="0" bev="0" fileid="1" />
                <SequencePoint vc="1" uspid="102" ordinal="4" offset="65" sl="75" sc="13" el="75" ec="14" bec="0" bev="0" fileid="1" />
                <SequencePoint vc="2" uspid="103" ordinal="5" offset="66" sl="77" sc="13" el="81" ec="15" bec="0" bev="0" fileid="1" />
                <SequencePoint vc="2" uspid="104" ordinal="6" offset="102" sl="83" sc="13" el="83" ec="80" bec="0" bev="0" fileid="1" />
                <SequencePoint vc="2" uspid="105" ordinal="7" offset="256" sl="84" sc="13" el="84" ec="74" bec="0" bev="0" fileid="1" />
                <SequencePoint vc="2" uspid="106" ordinal="8" offset="425" sl="85" sc="13" el="85" ec="34" bec="0" bev="0" fileid="1" />
                <SequencePoint vc="2" uspid="107" ordinal="9" offset="443" sl="87" sc="13" el="96" ec="15" bec="0" bev="0" fileid="1" />
                <SequencePoint vc="2" uspid="108" ordinal="10" offset="585" sl="98" sc="13" el="98" ec="28" bec="0" bev="0" fileid="1" />
                <SequencePoint vc="2" uspid="109" ordinal="11" offset="620" sl="99" sc="9" el="99" ec="10" bec="0" bev="0" fileid="1" />
              </SequencePoints>
              <BranchPoints>
                <BranchPoint vc="1" uspid="112" ordinal="2" offset="45" sl="72" path="0" offsetend="47" fileid="1" />
                <BranchPoint vc="1" uspid="113" ordinal="3" offset="45" sl="72" path="1" offsetend="66" fileid="1" />
              </BranchPoints>
              <MethodPoint vc="4" uspid="118" ordinal="0" offset="0" />
            </Method>
            <Method visited="true" cyclomaticComplexity="1" nPathComplexity="0" sequenceCoverage="0" branchCoverage="0" isConstructor="false" isStatic="false" isGetter="false" isSetter="false">
              <Summary numSequencePoints="0" visitedSequencePoints="0" numBranchPoints="0" visitedBranchPoints="0" sequenceCoverage="0" branchCoverage="0" maxCyclomaticComplexity="1" minCyclomaticComplexity="1" visitedClasses="0" numClasses="0" visitedMethods="0" numMethods="0" />
              <MetadataToken>100663531</MetadataToken>
              <Name>System.Void Certes.AcmeClient/&lt;NewRegistraton&gt;d__8::SetStateMachine(System.Runtime.CompilerServices.IAsyncStateMachine)</Name>
              <SequencePoints />
              <BranchPoints />
              <MethodPoint vc="1" uspid="119" ordinal="0" offset="0" />
            </Method>
          </Methods>
        </Class>
        <Class>
          <Summary numSequencePoints="10" visitedSequencePoints="8" numBranchPoints="3" visitedBranchPoints="2" sequenceCoverage="80" branchCoverage="66.67" maxCyclomaticComplexity="4" minCyclomaticComplexity="1" visitedClasses="1" numClasses="1" visitedMethods="1" numMethods="1" />
          <FullName>Certes.AcmeClient/&lt;UpdateRegistration&gt;d__9</FullName>
          <Methods>
            <Method visited="true" cyclomaticComplexity="1" nPathComplexity="0" sequenceCoverage="0" branchCoverage="0" isConstructor="true" isStatic="false" isGetter="false" isSetter="false">
              <Summary numSequencePoints="0" visitedSequencePoints="0" numBranchPoints="0" visitedBranchPoints="0" sequenceCoverage="0" branchCoverage="0" maxCyclomaticComplexity="1" minCyclomaticComplexity="1" visitedClasses="0" numClasses="0" visitedMethods="0" numMethods="0" />
              <MetadataToken>100663532</MetadataToken>
              <Name>System.Void Certes.AcmeClient/&lt;UpdateRegistration&gt;d__9::.ctor()</Name>
              <SequencePoints />
              <BranchPoints />
              <MethodPoint vc="2" uspid="120" ordinal="0" offset="0" />
            </Method>
            <Method visited="true" cyclomaticComplexity="4" nPathComplexity="2" sequenceCoverage="80" branchCoverage="66.67" isConstructor="false" isStatic="false" isGetter="false" isSetter="false">
              <Summary numSequencePoints="10" visitedSequencePoints="8" numBranchPoints="3" visitedBranchPoints="2" sequenceCoverage="80" branchCoverage="66.67" maxCyclomaticComplexity="4" minCyclomaticComplexity="4" visitedClasses="0" numClasses="0" visitedMethods="1" numMethods="1" />
              <MetadataToken>100663533</MetadataToken>
              <Name>System.Void Certes.AcmeClient/&lt;UpdateRegistration&gt;d__9::MoveNext()</Name>
              <FileRef uid="1" />
              <SequencePoints>
                <SequencePoint vc="2" uspid="121" ordinal="0" offset="17" sl="108" sc="9" el="108" ec="10" bec="0" bev="0" fileid="1" />
                <SequencePoint vc="2" uspid="122" ordinal="1" offset="18" sl="109" sc="13" el="109" ec="34" bec="2" bev="1" fileid="1" />
                <SequencePoint vc="0" uspid="123" ordinal="2" offset="36" sl="110" sc="13" el="110" ec="14" bec="0" bev="0" fileid="1" />
                <SequencePoint vc="0" uspid="124" ordinal="3" offset="37" sl="111" sc="17" el="111" ec="55" bec="0" bev="0" fileid="1" />
                <SequencePoint vc="2" uspid="125" ordinal="4" offset="43" sl="114" sc="13" el="114" ec="45" bec="0" bev="0" fileid="1" />
                <SequencePoint vc="2" uspid="126" ordinal="5" offset="60" sl="116" sc="13" el="116" ec="87" bec="0" bev="0" fileid="1" />
                <SequencePoint vc="2" uspid="127" ordinal="6" offset="231" sl="117" sc="13" el="117" ec="34" bec="0" bev="0" fileid="1" />
                <SequencePoint vc="2" uspid="128" ordinal="7" offset="249" sl="119" sc="13" el="119" ec="40" bec="0" bev="0" fileid="1" />
                <SequencePoint vc="2" uspid="129" ordinal="8" offset="272" sl="120" sc="13" el="120" ec="28" bec="0" bev="0" fileid="1" />
                <SequencePoint vc="2" uspid="130" ordinal="9" offset="307" sl="121" sc="9" el="121" ec="10" bec="0" bev="0" fileid="1" />
              </SequencePoints>
              <BranchPoints>
                <BranchPoint vc="0" uspid="131" ordinal="0" offset="34" sl="109" path="0" offsetend="36" fileid="1" />
                <BranchPoint vc="2" uspid="132" ordinal="1" offset="34" sl="109" path="1" offsetend="43" fileid="1" />
              </BranchPoints>
              <MethodPoint vc="3" uspid="135" ordinal="0" offset="0" />
            </Method>
            <Method visited="true" cyclomaticComplexity="1" nPathComplexity="0" sequenceCoverage="0" branchCoverage="0" isConstructor="false" isStatic="false" isGetter="false" isSetter="false">
              <Summary numSequencePoints="0" visitedSequencePoints="0" numBranchPoints="0" visitedBranchPoints="0" sequenceCoverage="0" branchCoverage="0" maxCyclomaticComplexity="1" minCyclomaticComplexity="1" visitedClasses="0" numClasses="0" visitedMethods="0" numMethods="0" />
              <MetadataToken>100663534</MetadataToken>
              <Name>System.Void Certes.AcmeClient/&lt;UpdateRegistration&gt;d__9::SetStateMachine(System.Runtime.CompilerServices.IAsyncStateMachine)</Name>
              <SequencePoints />
              <BranchPoints />
              <MethodPoint vc="1" uspid="136" ordinal="0" offset="0" />
            </Method>
          </Methods>
        </Class>
        <Class>
          <Summary numSequencePoints="14" visitedSequencePoints="9" numBranchPoints="5" visitedBranchPoints="3" sequenceCoverage="64.29" branchCoverage="60" maxCyclomaticComplexity="10" minCyclomaticComplexity="1" visitedClasses="1" numClasses="1" visitedMethods="1" numMethods="1" />
          <FullName>Certes.AcmeClient/&lt;NewAuthorization&gt;d__10</FullName>
          <Methods>
            <Method visited="true" cyclomaticComplexity="1" nPathComplexity="0" sequenceCoverage="0" branchCoverage="0" isConstructor="true" isStatic="false" isGetter="false" isSetter="false">
              <Summary numSequencePoints="0" visitedSequencePoints="0" numBranchPoints="0" visitedBranchPoints="0" sequenceCoverage="0" branchCoverage="0" maxCyclomaticComplexity="1" minCyclomaticComplexity="1" visitedClasses="0" numClasses="0" visitedMethods="0" numMethods="0" />
              <MetadataToken>100663535</MetadataToken>
              <Name>System.Void Certes.AcmeClient/&lt;NewAuthorization&gt;d__10::.ctor()</Name>
              <SequencePoints />
              <BranchPoints />
              <MethodPoint vc="1" uspid="137" ordinal="0" offset="0" />
            </Method>
            <Method visited="true" cyclomaticComplexity="10" nPathComplexity="4" sequenceCoverage="64.29" branchCoverage="60" isConstructor="false" isStatic="false" isGetter="false" isSetter="false">
              <Summary numSequencePoints="14" visitedSequencePoints="9" numBranchPoints="5" visitedBranchPoints="3" sequenceCoverage="64.29" branchCoverage="60" maxCyclomaticComplexity="10" minCyclomaticComplexity="10" visitedClasses="0" numClasses="0" visitedMethods="1" numMethods="1" />
              <MetadataToken>100663536</MetadataToken>
              <Name>System.Void Certes.AcmeClient/&lt;NewAuthorization&gt;d__10::MoveNext()</Name>
              <FileRef uid="1" />
              <SequencePoints>
                <SequencePoint vc="1" uspid="138" ordinal="0" offset="42" sl="130" sc="9" el="130" ec="10" bec="0" bev="0" fileid="1" />
                <SequencePoint vc="1" uspid="139" ordinal="1" offset="43" sl="131" sc="13" el="131" ec="34" bec="2" bev="1" fileid="1" />
                <SequencePoint vc="0" uspid="140" ordinal="2" offset="61" sl="132" sc="13" el="132" ec="14" bec="0" bev="0" fileid="1" />
                <SequencePoint vc="0" uspid="141" ordinal="3" offset="62" sl="133" sc="17" el="133" ec="55" bec="0" bev="0" fileid="1" />
                <SequencePoint vc="1" uspid="142" ordinal="4" offset="68" sl="136" sc="13" el="140" ec="15" bec="0" bev="0" fileid="1" />
                <SequencePoint vc="1" uspid="143" ordinal="5" offset="104" sl="142" sc="13" el="142" ec="89" bec="0" bev="0" fileid="1" />
                <SequencePoint vc="1" uspid="144" ordinal="6" offset="252" sl="143" sc="13" el="143" ec="66" bec="0" bev="0" fileid="1" />
                <SequencePoint vc="1" uspid="145" ordinal="7" offset="421" sl="144" sc="13" el="144" ec="34" bec="0" bev="0" fileid="1" />
                <SequencePoint vc="1" uspid="146" ordinal="8" offset="439" sl="146" sc="13" el="146" ec="62" bec="2" bev="1" fileid="1" />
                <SequencePoint vc="0" uspid="147" ordinal="9" offset="466" sl="147" sc="13" el="147" ec="14" bec="0" bev="0" fileid="1" />
                <SequencePoint vc="0" uspid="148" ordinal="10" offset="467" sl="148" sc="17" el="148" ec="73" bec="0" bev="0" fileid="1" />
                <SequencePoint vc="0" uspid="149" ordinal="11" offset="624" sl="149" sc="17" el="149" ec="38" bec="0" bev="0" fileid="1" />
                <SequencePoint vc="1" uspid="151" ordinal="13" offset="643" sl="152" sc="13" el="160" ec="15" bec="0" bev="0" fileid="1" />
                <SequencePoint vc="1" uspid="152" ordinal="14" offset="785" sl="161" sc="9" el="161" ec="10" bec="0" bev="0" fileid="1" />
              </SequencePoints>
              <BranchPoints>
                <BranchPoint vc="0" uspid="153" ordinal="0" offset="59" sl="131" path="0" offsetend="61" fileid="1" />
                <BranchPoint vc="1" uspid="154" ordinal="1" offset="59" sl="131" path="1" offsetend="68" fileid="1" />
                <BranchPoint vc="0" uspid="159" ordinal="6" offset="461" sl="146" path="0" offsetend="466" fileid="1" />
                <BranchPoint vc="1" uspid="160" ordinal="7" offset="461" sl="146" path="1" offsetend="643" fileid="1" />
              </BranchPoints>
              <MethodPoint vc="3" uspid="163" ordinal="0" offset="0" />
            </Method>
            <Method visited="true" cyclomaticComplexity="1" nPathComplexity="0" sequenceCoverage="0" branchCoverage="0" isConstructor="false" isStatic="false" isGetter="false" isSetter="false">
              <Summary numSequencePoints="0" visitedSequencePoints="0" numBranchPoints="0" visitedBranchPoints="0" sequenceCoverage="0" branchCoverage="0" maxCyclomaticComplexity="1" minCyclomaticComplexity="1" visitedClasses="0" numClasses="0" visitedMethods="0" numMethods="0" />
              <MetadataToken>100663537</MetadataToken>
              <Name>System.Void Certes.AcmeClient/&lt;NewAuthorization&gt;d__10::SetStateMachine(System.Runtime.CompilerServices.IAsyncStateMachine)</Name>
              <SequencePoints />
              <BranchPoints />
              <MethodPoint vc="1" uspid="164" ordinal="0" offset="0" />
            </Method>
          </Methods>
        </Class>
        <Class>
          <Summary numSequencePoints="5" visitedSequencePoints="5" numBranchPoints="3" visitedBranchPoints="2" sequenceCoverage="100" branchCoverage="66.67" maxCyclomaticComplexity="4" minCyclomaticComplexity="1" visitedClasses="1" numClasses="1" visitedMethods="1" numMethods="1" />
          <FullName>Certes.AcmeClient/&lt;GetAuthorization&gt;d__11</FullName>
          <Methods>
            <Method visited="true" cyclomaticComplexity="1" nPathComplexity="0" sequenceCoverage="0" branchCoverage="0" isConstructor="true" isStatic="false" isGetter="false" isSetter="false">
              <Summary numSequencePoints="0" visitedSequencePoints="0" numBranchPoints="0" visitedBranchPoints="0" sequenceCoverage="0" branchCoverage="0" maxCyclomaticComplexity="1" minCyclomaticComplexity="1" visitedClasses="0" numClasses="0" visitedMethods="0" numMethods="0" />
              <MetadataToken>100663538</MetadataToken>
              <Name>System.Void Certes.AcmeClient/&lt;GetAuthorization&gt;d__11::.ctor()</Name>
              <SequencePoints />
              <BranchPoints />
              <MethodPoint vc="1" uspid="165" ordinal="0" offset="0" />
            </Method>
            <Method visited="true" cyclomaticComplexity="4" nPathComplexity="2" sequenceCoverage="100" branchCoverage="66.67" isConstructor="false" isStatic="false" isGetter="false" isSetter="false">
              <Summary numSequencePoints="5" visitedSequencePoints="5" numBranchPoints="3" visitedBranchPoints="2" sequenceCoverage="100" branchCoverage="66.67" maxCyclomaticComplexity="4" minCyclomaticComplexity="4" visitedClasses="0" numClasses="0" visitedMethods="1" numMethods="1" />
              <MetadataToken>100663539</MetadataToken>
              <Name>System.Void Certes.AcmeClient/&lt;GetAuthorization&gt;d__11::MoveNext()</Name>
              <FileRef uid="1" />
              <SequencePoints>
                <SequencePoint vc="1" uspid="166" ordinal="0" offset="14" sl="169" sc="9" el="169" ec="10" bec="0" bev="0" fileid="1" />
                <SequencePoint vc="1" uspid="167" ordinal="1" offset="15" sl="170" sc="13" el="170" ec="66" bec="0" bev="0" fileid="1" />
                <SequencePoint vc="1" uspid="168" ordinal="2" offset="162" sl="171" sc="13" el="171" ec="34" bec="0" bev="0" fileid="1" />
                <SequencePoint vc="1" uspid="169" ordinal="3" offset="180" sl="173" sc="13" el="181" ec="15" bec="2" bev="1" fileid="1" />
                <SequencePoint vc="1" uspid="170" ordinal="4" offset="332" sl="182" sc="9" el="182" ec="10" bec="0" bev="0" fileid="1" />
              </SequencePoints>
              <BranchPoints>
                <BranchPoint vc="1" uspid="173" ordinal="2" offset="270" sl="173" path="0" offsetend="272" fileid="1" />
                <BranchPoint vc="0" uspid="174" ordinal="3" offset="270" sl="173" path="1" offsetend="279" fileid="1" />
              </BranchPoints>
              <MethodPoint vc="2" uspid="175" ordinal="0" offset="0" />
            </Method>
            <Method visited="true" cyclomaticComplexity="1" nPathComplexity="0" sequenceCoverage="0" branchCoverage="0" isConstructor="false" isStatic="false" isGetter="false" isSetter="false">
              <Summary numSequencePoints="0" visitedSequencePoints="0" numBranchPoints="0" visitedBranchPoints="0" sequenceCoverage="0" branchCoverage="0" maxCyclomaticComplexity="1" minCyclomaticComplexity="1" visitedClasses="0" numClasses="0" visitedMethods="0" numMethods="0" />
              <MetadataToken>100663540</MetadataToken>
              <Name>System.Void Certes.AcmeClient/&lt;GetAuthorization&gt;d__11::SetStateMachine(System.Runtime.CompilerServices.IAsyncStateMachine)</Name>
              <SequencePoints />
              <BranchPoints />
              <MethodPoint vc="1" uspid="176" ordinal="0" offset="0" />
            </Method>
          </Methods>
        </Class>
        <Class>
          <Summary numSequencePoints="9" visitedSequencePoints="7" numBranchPoints="3" visitedBranchPoints="2" sequenceCoverage="77.78" branchCoverage="66.67" maxCyclomaticComplexity="4" minCyclomaticComplexity="1" visitedClasses="1" numClasses="1" visitedMethods="1" numMethods="1" />
          <FullName>Certes.AcmeClient/&lt;CompleteChallenge&gt;d__14</FullName>
          <Methods>
            <Method visited="true" cyclomaticComplexity="1" nPathComplexity="0" sequenceCoverage="0" branchCoverage="0" isConstructor="true" isStatic="false" isGetter="false" isSetter="false">
              <Summary numSequencePoints="0" visitedSequencePoints="0" numBranchPoints="0" visitedBranchPoints="0" sequenceCoverage="0" branchCoverage="0" maxCyclomaticComplexity="1" minCyclomaticComplexity="1" visitedClasses="0" numClasses="0" visitedMethods="0" numMethods="0" />
              <MetadataToken>100663541</MetadataToken>
              <Name>System.Void Certes.AcmeClient/&lt;CompleteChallenge&gt;d__14::.ctor()</Name>
              <SequencePoints />
              <BranchPoints />
              <MethodPoint vc="1" uspid="177" ordinal="0" offset="0" />
            </Method>
            <Method visited="true" cyclomaticComplexity="4" nPathComplexity="2" sequenceCoverage="77.78" branchCoverage="66.67" isConstructor="false" isStatic="false" isGetter="false" isSetter="false">
              <Summary numSequencePoints="9" visitedSequencePoints="7" numBranchPoints="3" visitedBranchPoints="2" sequenceCoverage="77.78" branchCoverage="66.67" maxCyclomaticComplexity="4" minCyclomaticComplexity="4" visitedClasses="0" numClasses="0" visitedMethods="1" numMethods="1" />
              <MetadataToken>100663542</MetadataToken>
              <Name>System.Void Certes.AcmeClient/&lt;CompleteChallenge&gt;d__14::MoveNext()</Name>
              <FileRef uid="1" />
              <SequencePoints>
                <SequencePoint vc="1" uspid="178" ordinal="0" offset="17" sl="217" sc="9" el="217" ec="10" bec="0" bev="0" fileid="1" />
                <SequencePoint vc="1" uspid="179" ordinal="1" offset="18" sl="218" sc="13" el="218" ec="34" bec="2" bev="1" fileid="1" />
                <SequencePoint vc="0" uspid="180" ordinal="2" offset="36" sl="219" sc="13" el="219" ec="14" bec="0" bev="0" fileid="1" />
                <SequencePoint vc="0" uspid="181" ordinal="3" offset="37" sl="220" sc="17" el="220" ec="55" bec="0" bev="0" fileid="1" />
                <SequencePoint vc="1" uspid="182" ordinal="4" offset="43" sl="223" sc="13" el="227" ec="15" bec="0" bev="0" fileid="1" />
                <SequencePoint vc="1" uspid="183" ordinal="5" offset="96" sl="229" sc="13" el="229" ec="85" bec="0" bev="0" fileid="1" />
                <SequencePoint vc="1" uspid="184" ordinal="6" offset="267" sl="230" sc="13" el="230" ec="34" bec="0" bev="0" fileid="1" />
                <SequencePoint vc="1" uspid="185" ordinal="7" offset="285" sl="232" sc="13" el="240" ec="15" bec="0" bev="0" fileid="1" />
                <SequencePoint vc="1" uspid="186" ordinal="8" offset="427" sl="241" sc="9" el="241" ec="10" bec="0" bev="0" fileid="1" />
              </SequencePoints>
              <BranchPoints>
                <BranchPoint vc="0" uspid="187" ordinal="0" offset="34" sl="218" path="0" offsetend="36" fileid="1" />
                <BranchPoint vc="1" uspid="188" ordinal="1" offset="34" sl="218" path="1" offsetend="43" fileid="1" />
              </BranchPoints>
              <MethodPoint vc="2" uspid="191" ordinal="0" offset="0" />
            </Method>
            <Method visited="true" cyclomaticComplexity="1" nPathComplexity="0" sequenceCoverage="0" branchCoverage="0" isConstructor="false" isStatic="false" isGetter="false" isSetter="false">
              <Summary numSequencePoints="0" visitedSequencePoints="0" numBranchPoints="0" visitedBranchPoints="0" sequenceCoverage="0" branchCoverage="0" maxCyclomaticComplexity="1" minCyclomaticComplexity="1" visitedClasses="0" numClasses="0" visitedMethods="0" numMethods="0" />
              <MetadataToken>100663543</MetadataToken>
              <Name>System.Void Certes.AcmeClient/&lt;CompleteChallenge&gt;d__14::SetStateMachine(System.Runtime.CompilerServices.IAsyncStateMachine)</Name>
              <SequencePoints />
              <BranchPoints />
              <MethodPoint vc="1" uspid="192" ordinal="0" offset="0" />
            </Method>
          </Methods>
        </Class>
        <Class>
          <Summary numSequencePoints="1" visitedSequencePoints="1" numBranchPoints="1" visitedBranchPoints="1" sequenceCoverage="100" branchCoverage="100" maxCyclomaticComplexity="1" minCyclomaticComplexity="1" visitedClasses="1" numClasses="1" visitedMethods="1" numMethods="1" />
          <FullName>Certes.AcmeClient/&lt;&gt;c</FullName>
          <Methods>
            <Method visited="true" cyclomaticComplexity="1" nPathComplexity="0" sequenceCoverage="0" branchCoverage="0" isConstructor="true" isStatic="true" isGetter="false" isSetter="false">
              <Summary numSequencePoints="0" visitedSequencePoints="0" numBranchPoints="0" visitedBranchPoints="0" sequenceCoverage="0" branchCoverage="0" maxCyclomaticComplexity="1" minCyclomaticComplexity="1" visitedClasses="0" numClasses="0" visitedMethods="0" numMethods="0" />
              <MetadataToken>100663544</MetadataToken>
              <Name>System.Void Certes.AcmeClient/&lt;&gt;c::.cctor()</Name>
              <SequencePoints />
              <BranchPoints />
              <MethodPoint vc="1" uspid="193" ordinal="0" offset="0" />
            </Method>
            <Method visited="true" cyclomaticComplexity="1" nPathComplexity="0" sequenceCoverage="0" branchCoverage="0" isConstructor="true" isStatic="false" isGetter="false" isSetter="false">
              <Summary numSequencePoints="0" visitedSequencePoints="0" numBranchPoints="0" visitedBranchPoints="0" sequenceCoverage="0" branchCoverage="0" maxCyclomaticComplexity="1" minCyclomaticComplexity="1" visitedClasses="0" numClasses="0" visitedMethods="0" numMethods="0" />
              <MetadataToken>100663545</MetadataToken>
              <Name>System.Void Certes.AcmeClient/&lt;&gt;c::.ctor()</Name>
              <SequencePoints />
              <BranchPoints />
              <MethodPoint vc="1" uspid="194" ordinal="0" offset="0" />
            </Method>
            <Method visited="true" cyclomaticComplexity="1" nPathComplexity="0" sequenceCoverage="100" branchCoverage="100" isConstructor="false" isStatic="false" isGetter="false" isSetter="false">
              <Summary numSequencePoints="1" visitedSequencePoints="1" numBranchPoints="1" visitedBranchPoints="1" sequenceCoverage="100" branchCoverage="100" maxCyclomaticComplexity="1" minCyclomaticComplexity="1" visitedClasses="0" numClasses="0" visitedMethods="1" numMethods="1" />
              <MetadataToken>100663546</MetadataToken>
              <Name>System.Boolean Certes.AcmeClient/&lt;&gt;c::&lt;NewCertificate&gt;b__15_0(Certes.Acme.RelLink)</Name>
              <FileRef uid="1" />
              <SequencePoints>
                <SequencePoint vc="1" uspid="195" ordinal="0" offset="0" sl="277" sc="60" el="277" ec="73" bec="0" bev="0" fileid="1" />
              </SequencePoints>
              <BranchPoints />
              <MethodPoint xsi:type="SequencePoint" vc="1" uspid="195" ordinal="0" offset="0" sl="277" sc="60" el="277" ec="73" bec="0" bev="0" fileid="1" />
            </Method>
          </Methods>
        </Class>
        <Class>
          <Summary numSequencePoints="25" visitedSequencePoints="25" numBranchPoints="5" visitedBranchPoints="5" sequenceCoverage="100" branchCoverage="100" maxCyclomaticComplexity="14" minCyclomaticComplexity="1" visitedClasses="1" numClasses="1" visitedMethods="1" numMethods="1" />
          <FullName>Certes.AcmeClient/&lt;NewCertificate&gt;d__15</FullName>
          <Methods>
            <Method visited="true" cyclomaticComplexity="1" nPathComplexity="0" sequenceCoverage="0" branchCoverage="0" isConstructor="true" isStatic="false" isGetter="false" isSetter="false">
              <Summary numSequencePoints="0" visitedSequencePoints="0" numBranchPoints="0" visitedBranchPoints="0" sequenceCoverage="0" branchCoverage="0" maxCyclomaticComplexity="1" minCyclomaticComplexity="1" visitedClasses="0" numClasses="0" visitedMethods="0" numMethods="0" />
              <MetadataToken>100663547</MetadataToken>
              <Name>System.Void Certes.AcmeClient/&lt;NewCertificate&gt;d__15::.ctor()</Name>
              <SequencePoints />
              <BranchPoints />
              <MethodPoint vc="1" uspid="196" ordinal="0" offset="0" />
            </Method>
            <Method visited="true" cyclomaticComplexity="14" nPathComplexity="4" sequenceCoverage="100" branchCoverage="100" isConstructor="false" isStatic="false" isGetter="false" isSetter="false">
              <Summary numSequencePoints="25" visitedSequencePoints="25" numBranchPoints="5" visitedBranchPoints="5" sequenceCoverage="100" branchCoverage="100" maxCyclomaticComplexity="14" minCyclomaticComplexity="14" visitedClasses="0" numClasses="0" visitedMethods="1" numMethods="1" />
              <MetadataToken>100663548</MetadataToken>
              <Name>System.Void Certes.AcmeClient/&lt;NewCertificate&gt;d__15::MoveNext()</Name>
              <FileRef uid="1" />
              <SequencePoints>
                <SequencePoint vc="1" uspid="197" ordinal="0" offset="42" sl="249" sc="9" el="249" ec="10" bec="0" bev="0" fileid="1" />
                <SequencePoint vc="1" uspid="198" ordinal="1" offset="43" sl="250" sc="13" el="254" ec="15" bec="0" bev="0" fileid="1" />
                <SequencePoint vc="1" uspid="199" ordinal="2" offset="84" sl="256" sc="13" el="256" ec="87" bec="0" bev="0" fileid="1" />
                <SequencePoint vc="1" uspid="200" ordinal="3" offset="230" sl="257" sc="13" el="257" ec="69" bec="0" bev="0" fileid="1" />
                <SequencePoint vc="1" uspid="201" ordinal="4" offset="399" sl="258" sc="13" el="258" ec="34" bec="0" bev="0" fileid="1" />
                <SequencePoint vc="1" uspid="202" ordinal="5" offset="417" sl="261" sc="20" el="261" ec="51" bec="0" bev="0" fileid="1" />
                <SequencePoint vc="1" uspid="203" ordinal="6" offset="428" sl="262" sc="13" el="262" ec="14" bec="0" bev="0" fileid="1" />
                <SequencePoint vc="1" uspid="204" ordinal="7" offset="429" sl="263" sc="17" el="263" ec="40" bec="0" bev="0" fileid="1" />
                <SequencePoint vc="1" uspid="205" ordinal="8" offset="446" sl="264" sc="13" el="264" ec="14" bec="0" bev="0" fileid="1" />
                <SequencePoint vc="1" uspid="206" ordinal="9" offset="481" sl="266" sc="13" el="272" ec="15" bec="0" bev="0" fileid="1" />
                <SequencePoint vc="1" uspid="207" ordinal="10" offset="564" sl="274" sc="13" el="274" ec="36" bec="0" bev="0" fileid="1" />
                <SequencePoint vc="2" uspid="208" ordinal="11" offset="581" sl="276" sc="13" el="276" ec="14" bec="0" bev="0" fileid="1" />
                <SequencePoint vc="2" uspid="209" ordinal="12" offset="582" sl="277" sc="17" el="277" ec="92" bec="2" bev="2" fileid="1" />
                <SequencePoint vc="2" uspid="210" ordinal="13" offset="647" sl="278" sc="17" el="278" ec="36" bec="2" bev="2" fileid="1" />
[...]
                <SequencePoint vc="1" uspid="1808" ordinal="6" offset="144" sl="44" sc="17" el="46" ec="76" bec="2" bev="1" fileid="126" />
                <SequencePoint vc="1" uspid="1809" ordinal="7" offset="508" sl="47" sc="17" el="47" ec="38" bec="2" bev="1" fileid="126" />
                <SequencePoint vc="1" uspid="1810" ordinal="8" offset="533" sl="48" sc="17" el="48" ec="18" bec="0" bev="0" fileid="126" />
                <SequencePoint vc="1" uspid="1811" ordinal="9" offset="534" sl="49" sc="21" el="49" ec="77" bec="0" bev="0" fileid="126" />
                <SequencePoint vc="1" uspid="1812" ordinal="10" offset="562" sl="50" sc="21" el="50" ec="72" bec="0" bev="0" fileid="126" />
                <SequencePoint vc="1" uspid="1813" ordinal="11" offset="709" sl="51" sc="17" el="51" ec="18" bec="0" bev="0" fileid="126" />
                <SequencePoint vc="1" uspid="1814" ordinal="12" offset="710" sl="53" sc="17" el="56" ec="19" bec="0" bev="0" fileid="126" />
                <SequencePoint vc="1" uspid="1815" ordinal="13" offset="734" sl="57" sc="13" el="57" ec="14" bec="0" bev="0" fileid="126" />
                <SequencePoint vc="1" uspid="1816" ordinal="14" offset="776" sl="59" sc="13" el="59" ec="57" bec="0" bev="0" fileid="126" />
                <SequencePoint vc="1" uspid="1817" ordinal="15" offset="798" sl="60" sc="13" el="60" ec="28" bec="0" bev="0" fileid="126" />
                <SequencePoint vc="1" uspid="1818" ordinal="16" offset="833" sl="61" sc="9" el="61" ec="10" bec="0" bev="0" fileid="126" />
              </SequencePoints>
              <BranchPoints>
                <BranchPoint vc="0" uspid="1821" ordinal="2" offset="48" sl="37" path="0" offsetend="50" fileid="126" />
                <BranchPoint vc="1" uspid="1822" ordinal="3" offset="48" sl="37" path="1" offsetend="83" fileid="126" />
                <BranchPoint vc="1" uspid="1823" ordinal="4" offset="112" sl="42" path="0" offsetchain="129" offsetend="143" fileid="126" />
                <BranchPoint vc="1" uspid="1824" ordinal="5" offset="112" sl="42" path="1" offsetchain="131" offsetend="236" fileid="126" />
                <BranchPoint vc="0" uspid="1825" ordinal="6" offset="112" sl="42" path="2" offsetchain="133" offsetend="416" fileid="126" />
                <BranchPoint vc="1" uspid="1826" ordinal="7" offset="112" sl="42" path="3" offsetchain="138" offsetend="636" fileid="126" />
                <BranchPoint vc="1" uspid="1827" ordinal="8" offset="160" sl="44" path="0" offsetend="165" fileid="126" />
                <BranchPoint vc="0" uspid="1828" ordinal="9" offset="160" sl="44" path="1" offsetend="313" fileid="126" />
                <BranchPoint vc="1" uspid="1833" ordinal="14" offset="528" sl="47" path="0" offsetend="533" fileid="126" />
                <BranchPoint vc="0" uspid="1834" ordinal="15" offset="528" sl="47" path="1" offsetend="710" fileid="126" />
              </BranchPoints>
              <MethodPoint vc="3" uspid="1837" ordinal="0" offset="0" />
            </Method>
            <Method visited="true" cyclomaticComplexity="1" nPathComplexity="0" sequenceCoverage="0" branchCoverage="0" isConstructor="false" isStatic="false" isGetter="false" isSetter="false">
              <Summary numSequencePoints="0" visitedSequencePoints="0" numBranchPoints="0" visitedBranchPoints="0" sequenceCoverage="0" branchCoverage="0" maxCyclomaticComplexity="1" minCyclomaticComplexity="1" visitedClasses="0" numClasses="0" visitedMethods="0" numMethods="0" />
              <MetadataToken>100663406</MetadataToken>
              <Name>System.Void Certes.Cli.Processors.RegisterCommand/&lt;RegisterAccount&gt;d__2::SetStateMachine(System.Runtime.CompilerServices.IAsyncStateMachine)</Name>
              <SequencePoints />
              <BranchPoints />
              <MethodPoint vc="1" uspid="1838" ordinal="0" offset="0" />
            </Method>
          </Methods>
        </Class>
        <Class>
          <Summary numSequencePoints="23" visitedSequencePoints="14" numBranchPoints="9" visitedBranchPoints="5" sequenceCoverage="60.87" branchCoverage="55.56" maxCyclomaticComplexity="10" minCyclomaticComplexity="1" visitedClasses="1" numClasses="1" visitedMethods="1" numMethods="1" />
          <FullName>Certes.Cli.Processors.RegisterCommand/&lt;UpdateAccount&gt;d__3</FullName>
          <Methods>
            <Method visited="true" cyclomaticComplexity="1" nPathComplexity="0" sequenceCoverage="0" branchCoverage="0" isConstructor="true" isStatic="false" isGetter="false" isSetter="false">
              <Summary numSequencePoints="0" visitedSequencePoints="0" numBranchPoints="0" visitedBranchPoints="0" sequenceCoverage="0" branchCoverage="0" maxCyclomaticComplexity="1" minCyclomaticComplexity="1" visitedClasses="0" numClasses="0" visitedMethods="0" numMethods="0" />
              <MetadataToken>100663407</MetadataToken>
              <Name>System.Void Certes.Cli.Processors.RegisterCommand/&lt;UpdateAccount&gt;d__3::.ctor()</Name>
              <SequencePoints />
              <BranchPoints />
              <MethodPoint vc="1" uspid="1839" ordinal="0" offset="0" />
            </Method>
            <Method visited="true" cyclomaticComplexity="10" nPathComplexity="16" sequenceCoverage="60.87" branchCoverage="55.56" isConstructor="false" isStatic="false" isGetter="false" isSetter="false">
              <Summary numSequencePoints="23" visitedSequencePoints="14" numBranchPoints="9" visitedBranchPoints="5" sequenceCoverage="60.87" branchCoverage="55.56" maxCyclomaticComplexity="10" minCyclomaticComplexity="10" visitedClasses="0" numClasses="0" visitedMethods="1" numMethods="1" />
              <MetadataToken>100663408</MetadataToken>
              <Name>System.Void Certes.Cli.Processors.RegisterCommand/&lt;UpdateAccount&gt;d__3::MoveNext()</Name>
              <FileRef uid="126" />
              <SequencePoints>
                <SequencePoint vc="1" uspid="1840" ordinal="0" offset="14" sl="64" sc="9" el="64" ec="10" bec="0" bev="0" fileid="126" />
                <SequencePoint vc="1" uspid="1841" ordinal="1" offset="15" sl="65" sc="13" el="65" ec="34" bec="0" bev="0" fileid="126" />
                <SequencePoint vc="1" uspid="1842" ordinal="2" offset="22" sl="66" sc="13" el="66" ec="43" bec="0" bev="0" fileid="126" />
                <SequencePoint vc="1" uspid="1843" ordinal="3" offset="39" sl="67" sc="20" el="67" ec="63" bec="2" bev="1" fileid="126" />
                <SequencePoint vc="1" uspid="1844" ordinal="4" offset="77" sl="68" sc="13" el="68" ec="14" bec="0" bev="0" fileid="126" />
                <SequencePoint vc="1" uspid="1845" ordinal="5" offset="78" sl="69" sc="17" el="69" ec="41" bec="0" bev="0" fileid="126" />
                <SequencePoint vc="1" uspid="1846" ordinal="6" offset="101" sl="71" sc="17" el="71" ec="63" bec="2" bev="1" fileid="126" />
                <SequencePoint vc="0" uspid="1847" ordinal="7" offset="129" sl="72" sc="17" el="72" ec="18" bec="0" bev="0" fileid="126" />
                <SequencePoint vc="0" uspid="1848" ordinal="8" offset="130" sl="73" sc="21" el="73" ec="80" bec="0" bev="0" fileid="126" />
                <SequencePoint vc="0" uspid="1849" ordinal="9" offset="182" sl="74" sc="21" el="74" ec="36" bec="0" bev="0" fileid="126" />
                <SequencePoint vc="0" uspid="1850" ordinal="10" offset="189" sl="75" sc="17" el="75" ec="18" bec="0" bev="0" fileid="126" />
                <SequencePoint vc="1" uspid="1851" ordinal="11" offset="190" sl="77" sc="17" el="77" ec="65" bec="0" bev="0" fileid="126" />
                <SequencePoint vc="1" uspid="1852" ordinal="12" offset="207" sl="78" sc="17" el="78" ec="78" bec="2" bev="1" fileid="126" />
                <SequencePoint vc="0" uspid="1853" ordinal="13" offset="259" sl="79" sc="17" el="79" ec="18" bec="0" bev="0" fileid="126" />
                <SequencePoint vc="0" uspid="1854" ordinal="14" offset="260" sl="80" sc="21" el="80" ec="57" bec="0" bev="0" fileid="126" />
                <SequencePoint vc="0" uspid="1855" ordinal="15" offset="283" sl="81" sc="21" el="81" ec="36" bec="0" bev="0" fileid="126" />
                <SequencePoint vc="1" uspid="1857" ordinal="17" offset="291" sl="84" sc="17" el="84" ec="29" bec="2" bev="1" fileid="126" />
                <SequencePoint vc="0" uspid="1858" ordinal="18" offset="306" sl="85" sc="17" el="85" ec="18" bec="0" bev="0" fileid="126" />
                <SequencePoint vc="0" uspid="1859" ordinal="19" offset="307" sl="86" sc="21" el="86" ec="72" bec="0" bev="0" fileid="126" />
                <SequencePoint vc="1" uspid="1861" ordinal="21" offset="455" sl="88" sc="13" el="88" ec="14" bec="0" bev="0" fileid="126" />
                <SequencePoint vc="1" uspid="1862" ordinal="22" offset="497" sl="90" sc="13" el="90" ec="57" bec="0" bev="0" fileid="126" />
                <SequencePoint vc="1" uspid="1863" ordinal="23" offset="519" sl="91" sc="13" el="91" ec="28" bec="0" bev="0" fileid="126" />
                <SequencePoint vc="1" uspid="1864" ordinal="24" offset="554" sl="92" sc="9" el="92" ec="10" bec="0" bev="0" fileid="126" />
              </SequencePoints>
              <BranchPoints>
                <BranchPoint vc="1" uspid="1865" ordinal="0" offset="68" sl="67" path="0" offsetchain="70" offsetend="77" fileid="126" />
                <BranchPoint vc="0" uspid="1866" ordinal="1" offset="68" sl="67" path="1" offsetchain="72" offsetend="381" fileid="126" />
                <BranchPoint vc="0" uspid="1867" ordinal="2" offset="127" sl="71" path="0" offsetend="129" fileid="126" />
                <BranchPoint vc="1" uspid="1868" ordinal="3" offset="127" sl="71" path="1" offsetend="190" fileid="126" />
                <BranchPoint vc="0" uspid="1871" ordinal="6" offset="257" sl="78" path="0" offsetend="259" fileid="126" />
                <BranchPoint vc="1" uspid="1872" ordinal="7" offset="257" sl="78" path="1" offsetend="291" fileid="126" />
                <BranchPoint vc="0" uspid="1873" ordinal="8" offset="301" sl="84" path="0" offsetend="306" fileid="126" />
                <BranchPoint vc="1" uspid="1874" ordinal="9" offset="301" sl="84" path="1" offsetend="455" fileid="126" />
              </BranchPoints>
              <MethodPoint vc="1" uspid="1877" ordinal="0" offset="0" />
            </Method>
            <Method visited="false" cyclomaticComplexity="1" nPathComplexity="0" sequenceCoverage="0" branchCoverage="0" isConstructor="false" isStatic="false" isGetter="false" isSetter="false">
              <Summary numSequencePoints="0" visitedSequencePoints="0" numBranchPoints="0" visitedBranchPoints="0" sequenceCoverage="0" branchCoverage="0" maxCyclomaticComplexity="1" minCyclomaticComplexity="1" visitedClasses="0" numClasses="0" visitedMethods="0" numMethods="0" />
              <MetadataToken>100663409</MetadataToken>
              <Name>System.Void Certes.Cli.Processors.RegisterCommand/&lt;UpdateAccount&gt;d__3::SetStateMachine(System.Runtime.CompilerServices.IAsyncStateMachine)</Name>
              <SequencePoints />
              <BranchPoints />
              <MethodPoint vc="0" uspid="1878" ordinal="0" offset="0" />
            </Method>
          </Methods>
        </Class>
        <Class>
          <Summary numSequencePoints="6" visitedSequencePoints="6" numBranchPoints="1" visitedBranchPoints="1" sequenceCoverage="100" branchCoverage="100" maxCyclomaticComplexity="1" minCyclomaticComplexity="1" visitedClasses="1" numClasses="1" visitedMethods="1" numMethods="1" />
          <FullName>Certes.Cli.Options.AuthorizationOptions</FullName>
          <Methods>
            <Method visited="true" cyclomaticComplexity="1" nPathComplexity="0" sequenceCoverage="100" branchCoverage="100" isConstructor="true" isStatic="false" isGetter="false" isSetter="false">
              <Summary numSequencePoints="6" visitedSequencePoints="6" numBranchPoints="1" visitedBranchPoints="1" sequenceCoverage="100" branchCoverage="100" maxCyclomaticComplexity="1" minCyclomaticComplexity="1" visitedClasses="0" numClasses="0" visitedMethods="1" numMethods="1" />
              <MetadataToken>100663343</MetadataToken>
              <Name>System.Void Certes.Cli.Options.AuthorizationOptions::.ctor()</Name>
              <FileRef uid="130" />
              <SequencePoints>
                <SequencePoint vc="11" uspid="1879" ordinal="0" offset="0" sl="9" sc="9" el="9" ec="63" bec="0" bev="0" fileid="130" />
                <SequencePoint vc="11" uspid="1880" ordinal="1" offset="11" sl="10" sc="9" el="10" ec="69" bec="0" bev="0" fileid="130" />
                <SequencePoint vc="11" uspid="1881" ordinal="2" offset="22" sl="11" sc="9" el="11" ec="37" bec="0" bev="0" fileid="130" />
                <SequencePoint vc="11" uspid="1882" ordinal="3" offset="33" sl="12" sc="9" el="12" ec="46" bec="0" bev="0" fileid="130" />
                <SequencePoint vc="11" uspid="1883" ordinal="4" offset="44" sl="13" sc="9" el="13" ec="39" bec="0" bev="0" fileid="130" />
                <SequencePoint vc="11" uspid="1884" ordinal="5" offset="55" sl="14" sc="9" el="14" ec="36" bec="0" bev="0" fileid="130" />
              </SequencePoints>
              <BranchPoints />
              <MethodPoint xsi:type="SequencePoint" vc="11" uspid="1879" ordinal="0" offset="0" sl="9" sc="9" el="9" ec="63" bec="0" bev="0" fileid="130" />
            </Method>
          </Methods>
        </Class>
        <Class>
          <Summary numSequencePoints="9" visitedSequencePoints="9" numBranchPoints="1" visitedBranchPoints="1" sequenceCoverage="100" branchCoverage="100" maxCyclomaticComplexity="1" minCyclomaticComplexity="1" visitedClasses="1" numClasses="1" visitedMethods="1" numMethods="1" />
          <FullName>Certes.Cli.Options.CertificateOptions</FullName>
          <Methods>
            <Method visited="true" cyclomaticComplexity="1" nPathComplexity="0" sequenceCoverage="100" branchCoverage="100" isConstructor="true" isStatic="false" isGetter="false" isSetter="false">
              <Summary numSequencePoints="9" visitedSequencePoints="9" numBranchPoints="1" visitedBranchPoints="1" sequenceCoverage="100" branchCoverage="100" maxCyclomaticComplexity="1" minCyclomaticComplexity="1" visitedClasses="0" numClasses="0" visitedMethods="1" numMethods="1" />
              <MetadataToken>100663344</MetadataToken>
              <Name>System.Void Certes.Cli.Options.CertificateOptions::.ctor()</Name>
              <FileRef uid="131" />
              <SequencePoints>
                <SequencePoint vc="11" uspid="1885" ordinal="0" offset="0" sl="10" sc="9" el="10" ec="33" bec="0" bev="0" fileid="131" />
                <SequencePoint vc="11" uspid="1886" ordinal="1" offset="11" sl="11" sc="9" el="11" ec="46" bec="0" bev="0" fileid="131" />
                <SequencePoint vc="11" uspid="1887" ordinal="2" offset="22" sl="12" sc="9" el="12" ec="69" bec="0" bev="0" fileid="131" />
                <SequencePoint vc="11" uspid="1888" ordinal="3" offset="33" sl="13" sc="9" el="13" ec="39" bec="0" bev="0" fileid="131" />
                <SequencePoint vc="11" uspid="1889" ordinal="4" offset="44" sl="14" sc="9" el="14" ec="38" bec="0" bev="0" fileid="131" />
                <SequencePoint vc="11" uspid="1890" ordinal="5" offset="55" sl="15" sc="9" el="15" ec="38" bec="0" bev="0" fileid="131" />
                <SequencePoint vc="11" uspid="1891" ordinal="6" offset="66" sl="16" sc="9" el="16" ec="38" bec="0" bev="0" fileid="131" />
                <SequencePoint vc="11" uspid="1892" ordinal="7" offset="77" sl="18" sc="9" el="18" ec="37" bec="0" bev="0" fileid="131" />
                <SequencePoint vc="11" uspid="1893" ordinal="8" offset="88" sl="19" sc="9" el="19" ec="37" bec="0" bev="0" fileid="131" />
              </SequencePoints>
              <BranchPoints />
              <MethodPoint xsi:type="SequencePoint" vc="11" uspid="1885" ordinal="0" offset="0" sl="10" sc="9" el="10" ec="33" bec="0" bev="0" fileid="131" />
            </Method>
          </Methods>
        </Class>
        <Class>
          <Summary numSequencePoints="3" visitedSequencePoints="3" numBranchPoints="1" visitedBranchPoints="1" sequenceCoverage="100" branchCoverage="100" maxCyclomaticComplexity="1" minCyclomaticComplexity="1" visitedClasses="1" numClasses="1" visitedMethods="1" numMethods="1" />
          <FullName>Certes.Cli.Options.OptionsBase</FullName>
          <Methods>
            <Method visited="true" cyclomaticComplexity="1" nPathComplexity="0" sequenceCoverage="100" branchCoverage="100" isConstructor="true" isStatic="false" isGetter="false" isSetter="false">
              <Summary numSequencePoints="3" visitedSequencePoints="3" numBranchPoints="1" visitedBranchPoints="1" sequenceCoverage="100" branchCoverage="100" maxCyclomaticComplexity="1" minCyclomaticComplexity="1" visitedClasses="0" numClasses="0" visitedMethods="1" numMethods="1" />
              <MetadataToken>100663345</MetadataToken>
              <Name>System.Void Certes.Cli.Options.OptionsBase::.ctor()</Name>
              <FileRef uid="132" />
              <SequencePoints>
                <SequencePoint vc="33" uspid="1894" ordinal="0" offset="0" sl="9" sc="9" el="9" ec="65" bec="0" bev="0" fileid="132" />
                <SequencePoint vc="33" uspid="1895" ordinal="1" offset="11" sl="13" sc="9" el="13" ec="44" bec="0" bev="0" fileid="132" />
                <SequencePoint vc="33" uspid="1896" ordinal="2" offset="22" sl="14" sc="9" el="14" ec="35" bec="0" bev="0" fileid="132" />
              </SequencePoints>
              <BranchPoints />
              <MethodPoint xsi:type="SequencePoint" vc="33" uspid="1894" ordinal="0" offset="0" sl="9" sc="9" el="9" ec="65" bec="0" bev="0" fileid="132" />
            </Method>
          </Methods>
        </Class>
        <Class>
          <Summary numSequencePoints="5" visitedSequencePoints="5" numBranchPoints="1" visitedBranchPoints="1" sequenceCoverage="100" branchCoverage="100" maxCyclomaticComplexity="1" minCyclomaticComplexity="1" visitedClasses="1" numClasses="1" visitedMethods="1" numMethods="1" />
          <FullName>Certes.Cli.Options.RegisterOptions</FullName>
          <Methods>
            <Method visited="true" cyclomaticComplexity="1" nPathComplexity="0" sequenceCoverage="100" branchCoverage="100" isConstructor="true" isStatic="false" isGetter="false" isSetter="false">
              <Summary numSequencePoints="5" visitedSequencePoints="5" numBranchPoints="1" visitedBranchPoints="1" sequenceCoverage="100" branchCoverage="100" maxCyclomaticComplexity="1" minCyclomaticComplexity="1" visitedClasses="0" numClasses="0" visitedMethods="1" numMethods="1" />
              <MetadataToken>100663346</MetadataToken>
              <Name>System.Void Certes.Cli.Options.RegisterOptions::.ctor()</Name>
              <FileRef uid="133" />
              <SequencePoints>
                <SequencePoint vc="11" uspid="1897" ordinal="0" offset="0" sl="5" sc="9" el="5" ec="34" bec="0" bev="0" fileid="133" />
                <SequencePoint vc="11" uspid="1898" ordinal="1" offset="11" sl="6" sc="9" el="6" ec="38" bec="0" bev="0" fileid="133" />
                <SequencePoint vc="11" uspid="1899" ordinal="2" offset="18" sl="7" sc="9" el="7" ec="36" bec="0" bev="0" fileid="133" />
                <SequencePoint vc="11" uspid="1900" ordinal="3" offset="25" sl="8" sc="9" el="8" ec="40" bec="0" bev="0" fileid="133" />
                <SequencePoint vc="11" uspid="1901" ordinal="4" offset="32" sl="9" sc="9" el="9" ec="37" bec="0" bev="0" fileid="133" />
              </SequencePoints>
              <BranchPoints />
              <MethodPoint xsi:type="SequencePoint" vc="11" uspid="1897" ordinal="0" offset="0" sl="5" sc="9" el="5" ec="34" bec="0" bev="0" fileid="133" />
            </Method>
          </Methods>
        </Class>
      </Classes>
    </Module>
  </Modules>
</CoverageSession>